#
# A fatal error has been detected by the Java Runtime Environment:
#
#  EXCEPTION_ACCESS_VIOLATION (0xc0000005) at pc=0x0000000066b20000, pid=10788, tid=972
#
# JRE version: Java(TM) SE Runtime Environment (22.0.2+9) (build 22.0.2+9-70)
# Java VM: Java HotSpot(TM) 64-Bit Server VM (22.0.2+9-70, mixed mode, sharing, tiered, compressed oops, compressed class ptrs, g1 gc, windows-amd64)
# Problematic frame:
# C  [gdx-box2d64.dll+0x20000]
#
# No core dump will be written. Minidumps are not enabled by default on client versions of Windows
#
# If you would like to submit a bug report, please visit:
#   https://bugreport.java.com/bugreport/crash.jsp
# The crash happened outside the Java Virtual Machine in native code.
# See problematic frame for where to report the bug.
#

---------------  S U M M A R Y ------------

Command Line: -Dfile.encoding=UTF-8 -Duser.country=US -Duser.language=en -Duser.variant com.AngryBird.game.lwjgl3.Lwjgl3Launcher

Host: AMD Ryzen 7 PRO 5850U with Radeon Graphics     , 16 cores, 14G,  Windows 11 , 64 bit Build 26100 (10.0.26100.2454)
Time: Tue Nov 26 16:54:48 2024 India Standard Time elapsed time: 8.893329 seconds (0d 0h 0m 8s)

---------------  T H R E A D  ---------------

Current thread (0x00000203e8e0ff90):  JavaThread "main"             [_thread_in_native, id=972, stack(0x000000fcf0f00000,0x000000fcf1000000) (1024K)]

Stack: [0x000000fcf0f00000,0x000000fcf1000000],  sp=0x000000fcf0ffef08,  free space=1019k
Native frames: (J=compiled Java code, j=interpreted, Vv=VM code, C=native code)
C  [gdx-box2d64.dll+0x20000]  (no source info available)
C  [gdx-box2d64.dll+0x25937]  (no source info available)
C  0x000002038745cfc7  (no source info available)

The last pc belongs to native method entry point (kind = native) (printed below).
Java frames: (J=compiled Java code, j=interpreted, Vv=VM code)
j  com.badlogic.gdx.physics.box2d.World.jniDestroyBody(JJ)V+0
j  com.badlogic.gdx.physics.box2d.World.destroyBody(Lcom/badlogic/gdx/physics/box2d/Body;)V+42
j  com.AngryBird.game.Level1.dispose()V+105
j  com.AngryBird.game.Main.dispose()V+55
j  com.badlogic.gdx.backends.lwjgl3.Lwjgl3Window.dispose()V+13
j  com.badlogic.gdx.backends.lwjgl3.Lwjgl3Application.loop()V+408
j  com.badlogic.gdx.backends.lwjgl3.Lwjgl3Application.<init>(Lcom/badlogic/gdx/ApplicationListener;Lcom/badlogic/gdx/backends/lwjgl3/Lwjgl3ApplicationConfiguration;)V+269
j  com.AngryBird.game.lwjgl3.Lwjgl3Launcher.createApplication()Lcom/badlogic/gdx/backends/lwjgl3/Lwjgl3Application;+14
j  com.AngryBird.game.lwjgl3.Lwjgl3Launcher.main([Ljava/lang/String;)V+7
v  ~StubRoutines::call_stub 0x000002038745100d

siginfo: EXCEPTION_ACCESS_VIOLATION (0xc0000005), writing address 0x00000203d7ac5728


Registers:
RAX=0x0000000066b46700, RBX=0x00000203d07bed20, RCX=0x00000203d7aac420, RDX=0x000000fcf0ffef30
RSP=0x000000fcf0ffef08, RBP=0x000000fcf0fff028, RSI=0x0000000000000000, RDI=0x00000203874588c0
R8 =0x00000203d7aac420, R9 =0x00000203d7a60e90, R10=0x000002038745cf98, R11=0x0000000000000102
R12=0x00000203d7aac420, R13=0x00000203d7a60e90, R14=0x000000fcf0fff068, R15=0x00000203e8e0ff90
RIP=0x0000000066b20000, EFLAGS=0x0000000000010202


Register to memory mapping:

RAX=0x0000000066b46700 gdx-box2d64.dll
RBX={method} {0x00000203d07bed28} 'jniDestroyBody' '(JJ)V' in 'com/badlogic/gdx/physics/box2d/World'
RCX=0x00000203d7aac420 points into unknown readable memory: 0x00000203e2670080 | 80 00 67 e2 03 02 00 00
RDX=0x000000fcf0ffef30 is pointing into the stack for thread: 0x00000203e8e0ff90
RSP=0x000000fcf0ffef08 is pointing into the stack for thread: 0x00000203e8e0ff90
RBP=0x000000fcf0fff028 is pointing into the stack for thread: 0x00000203e8e0ff90
RSI=0x0 is null
RDI=0x00000203874588c0 is at code_begin+1280 in an Interpreter codelet
return entry points  [0x00000203874583c0, 0x0000020387459050]  3216 bytes
R8 =0x00000203d7aac420 points into unknown readable memory: 0x00000203e2670080 | 80 00 67 e2 03 02 00 00
R9 =0x00000203d7a60e90 points into unknown readable memory: 0x0000002400000002 | 02 00 00 00 24 00 00 00
R10=0x000002038745cf98 is at code_begin+1016 in an Interpreter codelet
native method entry point (kind = native)  [0x000002038745cba0, 0x000002038745d6c0]  2848 bytes
R11=0x0000000000000102 is an unknown value
R12=0x00000203d7aac420 points into unknown readable memory: 0x00000203e2670080 | 80 00 67 e2 03 02 00 00
R13=0x00000203d7a60e90 points into unknown readable memory: 0x0000002400000002 | 02 00 00 00 24 00 00 00
R14=0x000000fcf0fff068 is pointing into the stack for thread: 0x00000203e8e0ff90
R15=0x00000203e8e0ff90 is a thread

Top of Stack: (sp=0x000000fcf0ffef08)
0x000000fcf0ffef08:   0000000066b25937 000000fcf0fff028
0x000000fcf0ffef18:   00007ffaa1e4ce95 000000fcf0ffef40
0x000000fcf0ffef28:   0000020387474ca0 0000000066b466a0
0x000000fcf0ffef38:   00000203e8e10350 000000fcf0fff068
0x000000fcf0ffef48:   00000203e8e0ff90 0000000066b46700
0x000000fcf0ffef58:   00000203e8e10350 000000fcf0fff068
0x000000fcf0ffef68:   00000203d07bed20 00000203e8e0ff90
0x000000fcf0ffef78:   0000000000000000 00000203d07bed20
0x000000fcf0ffef88:   000002038745cfc7 00000203d07bed20
0x000000fcf0ffef98:   000000fcf0fff068 00000203874588c0
0x000000fcf0ffefa8:   000002038745cc9e 00000203d07bed20
0x000000fcf0ffefb8:   0000000000000000 00000203d07e5708
0x000000fcf0ffefc8:   000000fcf0fff068 00000203874588c0
0x000000fcf0ffefd8:   000002038745cc5b fffffffffffffff7
0x000000fcf0ffefe8:   00000203d07bed20 0000000000000008
0x000000fcf0ffeff8:   00000203d07d2608 0000000000000000
0x000000fcf0fff008:   00000007204056d0 00000203d07bed20
0x000000fcf0fff018:   0000000000000000 000000fcf0fff048
0x000000fcf0fff028:   000000fcf0fff0b8 00000203874588c0
0x000000fcf0fff038:   0000000000000000 000002038745a517
0x000000fcf0fff048:   00000203d7a60e90 0000000000000000
0x000000fcf0fff058:   00000203d7aac420 0000000000000000
0x000000fcf0fff068:   0000000720431f28 fffffffffffffff7
0x000000fcf0fff078:   00000203d07aff42 0000000000000006
0x000000fcf0fff088:   00000203d07d2608 0000000000000000
0x000000fcf0fff098:   00000007204056d0 00000203d07bec90
0x000000fcf0fff0a8:   fffffffffffffff2 000000fcf0fff0e0
0x000000fcf0fff0b8:   000000fcf0fff138 00000203874588c0
0x000000fcf0fff0c8:   0000000000000000 0000000000000000
0x000000fcf0fff0d8:   000000072047ef50 000000072047eea0
0x000000fcf0fff0e8:   0000000720431f28 fffffffffffffff7
0x000000fcf0fff0f8:   00000203d041f499 0000000000000004 

Instructions: (pc=0x0000000066b20000)
0x0000000066b1ff00:   89 a4 24 18 93 01 00 49 c7 84 24 60 93 01 00 00
0x0000000066b1ff10:   00 00 00 49 c7 84 24 68 93 01 00 00 00 00 00 49
0x0000000066b1ff20:   c7 84 24 70 93 01 00 00 00 00 00 49 c7 84 24 78
0x0000000066b1ff30:   93 01 00 00 00 00 00 48 83 c4 20 5b 41 5c 41 5d
0x0000000066b1ff40:   c3 49 89 c5 4c 89 e1 e8 24 ae fe ff 4c 89 e9 e8
0x0000000066b1ff50:   7c 37 01 00 48 89 c3 4c 89 e9 e8 91 b7 fe ff 49
0x0000000066b1ff60:   89 dd eb e0 66 66 2e 0f 1f 84 00 00 00 00 00 90
0x0000000066b1ff70:   41 54 56 53 48 83 ec 20 48 8b b1 20 93 01 00 49
0x0000000066b1ff80:   89 cc 48 85 f6 74 39 48 89 f0 48 8b 76 68 48 8b
0x0000000066b1ff90:   58 70 48 85 db 74 eb 66 0f 1f 84 00 00 00 00 00
0x0000000066b1ffa0:   48 89 d9 48 8b 5b 08 4c 89 e2 c7 41 30 00 00 00
0x0000000066b1ffb0:   00 e8 5a e8 ff ff 48 85 db 75 e5 48 85 f6 75 c7
0x0000000066b1ffc0:   49 8d 8c 24 a0 92 01 00 e8 93 35 fe ff 49 8d 8c
0x0000000066b1ffd0:   24 80 00 00 00 e8 16 b7 fe ff 4c 89 e1 48 83 c4
0x0000000066b1ffe0:   20 5b 5e 41 5c e9 86 ad fe ff 66 0f 1f 44 00 00
0x0000000066b1fff0:   48 89 91 48 93 01 00 c3 0f 1f 84 00 00 00 00 00
0x0000000066b20000:   48 89 91 08 93 01 00 c3 0f 1f 84 00 00 00 00 00
0x0000000066b20010:   48 89 91 10 93 01 00 c3 0f 1f 84 00 00 00 00 00
0x0000000066b20020:   48 89 91 50 93 01 00 c3 0f 1f 84 00 00 00 00 00
0x0000000066b20030:   41 55 41 54 53 48 83 ec 20 48 89 cb 49 89 d5 f6
0x0000000066b20040:   81 98 92 01 00 02 75 58 ba b8 00 00 00 48 89 d9
0x0000000066b20050:   e8 6b ad fe ff 49 89 d8 4c 89 ea 49 89 c4 48 89
0x0000000066b20060:   c1 e8 4a cf ff ff 49 c7 44 24 60 00 00 00 00 48
0x0000000066b20070:   8b 83 20 93 01 00 49 89 44 24 68 48 85 c0 74 04
0x0000000066b20080:   4c 89 60 60 83 83 30 93 01 00 01 4c 89 e0 4c 89
0x0000000066b20090:   a3 20 93 01 00 48 83 c4 20 5b 41 5c 41 5d c3 90
0x0000000066b200a0:   41 b8 6d 00 00 00 48 8d 15 73 26 02 00 48 8d 0d
0x0000000066b200b0:   ca 26 02 00 45 31 e4 ff 15 f7 62 03 00 f6 83 98
0x0000000066b200c0:   92 01 00 02 74 82 4c 89 e0 48 83 c4 20 5b 41 5c
0x0000000066b200d0:   41 5d c3 90 66 66 2e 0f 1f 84 00 00 00 00 00 90
0x0000000066b200e0:   56 53 48 83 ec 28 48 89 cb 48 89 d6 f6 81 98 92
0x0000000066b200f0:   01 00 02 0f 85 e7 00 00 00 48 89 da 48 89 f1 e8 


Stack slot to memory mapping:

stack at sp + 0 slots: 0x0000000066b25937 gdx-box2d64.dll
stack at sp + 1 slots: 0x000000fcf0fff028 is pointing into the stack for thread: 0x00000203e8e0ff90
stack at sp + 2 slots: 0x00007ffaa1e4ce95 jvm.dll
stack at sp + 3 slots: 0x000000fcf0ffef40 is pointing into the stack for thread: 0x00000203e8e0ff90
stack at sp + 4 slots: 0x0000020387474ca0 is at code_begin+5152 in 
[CodeBlob (0x0000020387473810)]
Framesize: 0
BufferBlob (0x0000020387473810) used for native signature handlers
stack at sp + 5 slots: 0x0000000066b466a0 gdx-box2d64.dll
stack at sp + 6 slots: 0x00000203e8e10350 points into unknown readable memory: 0x00000203d46e1ad0 | d0 1a 6e d4 03 02 00 00
stack at sp + 7 slots: 0x000000fcf0fff068 is pointing into the stack for thread: 0x00000203e8e0ff90

native method entry point (kind = native)  [0x000002038745cba0, 0x000002038745d6c0]  2848 bytes
[MachCode]
  0x000002038745cba0: 488b 4b08 | 0fb7 492e | 584c 8d74 | ccf8 6800 | 0000 0068 | 0000 0000 | 5055 488b | ec41 5568 
  0x000002038745cbc0: 0000 0000 | 4c8b 6b08 | 4d8d 6d38 | 5348 8b53 | 0848 8b52 | 0848 8b52 | 1848 8b52 | 7048 8b12 
  0x000002038745cbe0: 5248 8b53 | 1048 85d2 | 0f84 0700 | 0000 4881 | c210 0100 | 0052 488b | 5308 488b | 5208 488b 
  0x000002038745cc00: 5210 5249 | 8bc6 482b | c548 c1e8 | 0350 6800 | 0000 0068 | f7ff ffff | 41c6 8781 | 0400 0001 
  0x000002038745cc20: 488b 4310 | 4885 c074 | 208b 88cc | 0000 0083 | c102 8988 | cc00 0000 | 2388 e000 | 0000 0f84 
  0x000002038745cc40: cb09 0000 | e9cf 0000 | 0048 8b43 | 1848 85c0 | 0f85 b000 | 0000 e805 | 0000 00e9 | 9900 0000 
  0x000002038745cc60: 488b d348 | 8d44 2408 | 4c89 6dc0 | 498b cfc5 | f877 4989 | afb0 0300 | 0049 8987 | a003 0000 
  0x000002038745cc80: 4883 ec20 | 40f6 c40f | 0f84 1900 | 0000 4883 | ec08 48b8 | 00a7 e4a1 | fa7f 0000 | ffd0 4883 
  0x000002038745cca0: c408 e90c | 0000 0048 | b800 a7e4 | a1fa 7f00 | 00ff d048 | 83c4 2049 | c787 a003 | 0000 0000 
  0x000002038745ccc0: 0000 49c7 | 87b0 0300 | 0000 0000 | 0049 c787 | a803 0000 | 0000 0000 | c5f8 7749 | 837f 0800 
  0x000002038745cce0: 0f84 0500 | 0000 e915 | 42ff ff4c | 8b6d c04c | 8b75 c84e | 8d74 f500 | c348 8b43 | 1848 85c0 
  0x000002038745cd00: 0f84 1200 | 0000 8b48 | 0883 c102 | 8948 0823 | 481c 0f84 | f708 0000 | 493b a7f0 | 0400 000f 
  0x000002038745cd20: 8748 0000 | 0089 8424 | 00f0 ffff | 8984 2400 | e0ff ff89 | 8424 00d0 | ffff 8984 | 2400 c0ff 
  0x000002038745cd40: ff89 8424 | 00b0 ffff | 8984 2400 | a0ff ff89 | 8424 0090 | ffff 8984 | 2400 80ff | ff49 3ba7 
  0x000002038745cd60: e804 0000 | 7607 4989 | a7f0 0400 | 0041 c687 | 8104 0000 | 0049 ba6c | 406b a2fa | 7f00 0041 
  0x000002038745cd80: 803a 000f | 843e 0000 | 0048 8b55 | e849 8bcf | 4883 ec20 | 40f6 c40f | 0f84 1900 | 0000 4883 
  0x000002038745cda0: ec08 48b8 | 80b9 1ba2 | fa7f 0000 | ffd0 4883 | c408 e90c | 0000 0048 | b880 b91b | a2fa 7f00 
  0x000002038745cdc0: 00ff d048 | 83c4 2048 | 8b5d e84c | 8b5b 0845 | 0fb7 5b2e | 41c1 e303 | 492b e348 | 83ec 2048 
  0x000002038745cde0: 83e4 f04c | 8b5b 604d | 85db 0f85 | ab00 0000 | e805 0000 | 00e9 9900 | 0000 488b | d348 8d44 
  0x000002038745ce00: 2408 4c89 | 6dc0 498b | cfc5 f877 | 4989 afb0 | 0300 0049 | 8987 a003 | 0000 4883 | ec20 40f6 
  0x000002038745ce20: c40f 0f84 | 1900 0000 | 4883 ec08 | 48b8 20ce | e4a1 fa7f | 0000 ffd0 | 4883 c408 | e90c 0000 
  0x000002038745ce40: 0048 b820 | cee4 a1fa | 7f00 00ff | d048 83c4 | 2049 c787 | a003 0000 | 0000 0000 | 49c7 87b0 
  0x000002038745ce60: 0300 0000 | 0000 0049 | c787 a803 | 0000 0000 | 0000 c5f8 | 7749 837f | 0800 0f84 | 0500 0000 
  0x000002038745ce80: e97b 40ff | ff4c 8b6d | c04c 8b75 | c84e 8d74 | f500 c348 | 8b5d e84c | 8b5b 6041 | ffd3 488b 
  0x000002038745cea0: 5de8 4889 | 4518 448b | 5b28 41f6 | c308 0f84 | 1b00 0000 | 4c8b 5b08 | 4d8b 5b08 | 4d8b 5b18 
  0x000002038745cec0: 4d8b 5b70 | 4d8b 1b4c | 895d 1048 | 8d55 1048 | 8b43 5849 | ba80 101c | a2fa 7f00 | 0049 3bc2 
  0x000002038745cee0: 0f85 ab00 | 0000 e805 | 0000 00e9 | 9900 0000 | 488b d348 | 8d44 2408 | 4c89 6dc0 | 498b cfc5 
  0x000002038745cf00: f877 4989 | afb0 0300 | 0049 8987 | a003 0000 | 4883 ec20 | 40f6 c40f | 0f84 1900 | 0000 4883 
  0x000002038745cf20: ec08 48b8 | 20ce e4a1 | fa7f 0000 | ffd0 4883 | c408 e90c | 0000 0048 | b820 cee4 | a1fa 7f00 
  0x000002038745cf40: 00ff d048 | 83c4 2049 | c787 a003 | 0000 0000 | 0000 49c7 | 87b0 0300 | 0000 0000 | 0049 c787 
  0x000002038745cf60: a803 0000 | 0000 0000 | c5f8 7749 | 837f 0800 | 0f84 0500 | 0000 e985 | 3fff ff4c | 8b6d c04c 
  0x000002038745cf80: 8b75 c84e | 8d74 f500 | c348 8b5d | e848 8b43 | 5849 8d8f | c003 0000 | c5f8 7749 | 89af b003 
  0x000002038745cfa0: 0000 49ba | 98cf 4587 | 0302 0000 | 4d89 97a8 | 0300 0049 | 89a7 a003 | 0000 41c7 | 8754 0400 
  0x000002038745cfc0: 0004 0000 | 00ff d0c5 | f877 4883 | ec10 c5fb | 1104 2448 | 83ec 1048 | 8904 2448 | c744 2408 
  0x000002038745cfe0: 0000 0000 | 41c7 8754 | 0400 0005 | 0000 00f0 | 8344 24c0 | 0049 3baf | 5804 0000 | 0f87 0e00 
  0x000002038745d000: 0000 4183 | bf50 0400 | 0000 0f84 | 2000 0000 | 498b cf4c | 8be4 4883 | ec20 4883 | e4f0 48b8 
  0x000002038745d020: 4023 e6a1 | fa7f 0000 | ffd0 498b | e44d 33e4 | 41c7 8754 | 0400 0008 | 0000 0049 | c787 a003 
  0x000002038745d040: 0000 0000 | 0000 49c7 | 87b0 0300 | 0000 0000 | 0049 c787 | a803 0000 | 0000 0000 | c5f8 774d 
  0x000002038745d060: 8b9f 3004 | 0000 41c7 | 8300 0100 | 0000 0000 | 0049 bb1a | a545 8703 | 0200 004c | 3b5d 180f 
  0x000002038745d080: 8524 0200 | 0048 8b04 | 2448 83c4 | 1048 85c0 | 0f84 fe01 | 0000 a803 | 0f85 0800 | 0000 488b 
  0x000002038745d0a0: 00e9 ee01 | 0000 a801 | 0f85 0900 | 0000 488b | 40fe e9dd | 0100 0048 | 8b40 ff41 | 807f 3800 
  0x000002038745d0c0: 0f84 ce01 | 0000 4883 | f800 0f84 | c401 0000 | 4d8b 5f28 | 4983 fb00 | 0f84 1400 | 0000 4983 
  0x000002038745d0e0: eb08 4d89 | 5f28 4d03 | 5f30 4989 | 03e9 a201 | 0000 4881 | ecd0 0000 | 0048 8904 | 2448 894c 
  0x000002038745d100: 2408 4889 | 5424 1048 | 8974 2418 | 4889 7c24 | 204c 8944 | 2428 4c89 | 4c24 304c | 8954 2438 
  0x000002038745d120: 4c89 5c24 | 40c5 fb11 | 4424 50c5 | fb11 4c24 | 58c5 fb11 | 5424 60c5 | fb11 5c24 | 68c5 fb11 
  0x000002038745d140: 6424 70c5 | fb11 6c24 | 78c5 fb11 | b424 8000 | 0000 c5fb | 11bc 2488 | 0000 00c5 | 7b11 8424 
  0x000002038745d160: 9000 0000 | c57b 118c | 2498 0000 | 00c5 7b11 | 9424 a000 | 0000 c57b | 119c 24a8 | 0000 00c5 
  0x000002038745d180: 7b11 a424 | b000 0000 | c57b 11ac | 24b8 0000 | 00c5 7b11 | b424 c000 | 0000 c57b | 11bc 24c8 
  0x000002038745d1a0: 0000 0049 | 8bd7 488b | c848 83ec | 2040 f6c4 | 0f0f 8419 | 0000 0048 | 83ec 0848 | b830 3fd9 
  0x000002038745d1c0: a1fa 7f00 | 00ff d048 | 83c4 08e9 | 0c00 0000 | 48b8 303f | d9a1 fa7f | 0000 ffd0 | 4883 c420 
  0x000002038745d1e0: c57b 10bc | 24c8 0000 | 00c5 7b10 | b424 c000 | 0000 c57b | 10ac 24b8 | 0000 00c5 | 7b10 a424 
  0x000002038745d200: b000 0000 | c57b 109c | 24a8 0000 | 00c5 7b10 | 9424 a000 | 0000 c57b | 108c 2498 | 0000 00c5 
  0x000002038745d220: 7b10 8424 | 9000 0000 | c5fb 10bc | 2488 0000 | 00c5 fb10 | b424 8000 | 0000 c5fb | 106c 2478 
  0x000002038745d240: c5fb 1064 | 2470 c5fb | 105c 2468 | c5fb 1054 | 2460 c5fb | 104c 2458 | c5fb 1044 | 2450 4c8b 
  0x000002038745d260: 5c24 404c | 8b54 2438 | 4c8b 4c24 | 304c 8b44 | 2428 488b | 7c24 2048 | 8b74 2418 | 488b 5424 
  0x000002038745d280: 1048 8b4c | 2408 488b | 0424 4881 | c4d0 0000 | 00c5 f877 | 4889 4510 | 4883 ec10 | 4889 0424 
  0x000002038745d2a0: 48c7 4424 | 0800 0000 | 0041 83bf | d004 0000 | 020f 85bf | 0000 0048 | 81ec 8000 | 0000 4889 
  0x000002038745d2c0: 4424 7848 | 894c 2470 | 4889 5424 | 6848 895c | 2460 4889 | 6c24 5048 | 8974 2448 | 4889 7c24 
  0x000002038745d2e0: 404c 8944 | 2438 4c89 | 4c24 304c | 8954 2428 | 4c89 5c24 | 204c 8964 | 2418 4c89 | 6c24 104c 
  0x000002038745d300: 8974 2408 | 4c89 3c24 | 4c8b e448 | 83ec 2048 | 83e4 f048 | b8d0 f11b | a2fa 7f00 | 00ff d049 
  0x000002038745d320: 8be4 4c8b | 3c24 4c8b | 7424 084c | 8b6c 2410 | 4c8b 6424 | 184c 8b5c | 2420 4c8b | 5424 284c 
  0x000002038745d340: 8b4c 2430 | 4c8b 4424 | 3848 8b7c | 2440 488b | 7424 4848 | 8b6c 2450 | 488b 5c24 | 6048 8b54 
  0x000002038745d360: 2468 488b | 4c24 7048 | 8b44 2478 | 4881 c480 | 0000 004d | 33e4 488b | 5de8 4c8b | 6b08 4d8d 
  0x000002038745d380: 6d38 4983 | 7f08 000f | 84bb 0000 | 00e8 0500 | 0000 e996 | 0000 0048 | 8d44 2408 | 4c89 6dc0 
  0x000002038745d3a0: 498b cfc5 | f877 4989 | afb0 0300 | 0049 8987 | a003 0000 | 4883 ec20 | 40f6 c40f | 0f84 1900 
  0x000002038745d3c0: 0000 4883 | ec08 48b8 | 60ec e4a1 | fa7f 0000 | ffd0 4883 | c408 e90c | 0000 0048 | b860 ece4 
  0x000002038745d3e0: a1fa 7f00 | 00ff d048 | 83c4 2049 | c787 a003 | 0000 0000 | 0000 49c7 | 87b0 0300 | 0000 0000 
  0x000002038745d400: 0049 c787 | a803 0000 | 0000 0000 | c5f8 7749 | 837f 0800 | 0f84 0500 | 0000 e9e1 | 3aff ff4c 
  0x000002038745d420: 8b6d c04c | 8b75 c84e | 8d74 f500 | c348 b9c0 | 2843 a2fa | 7f00 0048 | 83e4 f048 | b830 990a 
  0x000002038745d440: a2fa 7f00 | 00ff d0f4 | 448b 5b28 | 41f6 c320 | 0f84 4401 | 0000 488d | 55a8 4c8b | 5a08 4d85 
  0x000002038745d460: db0f 85bb | 0000 00e8 | 0500 0000 | e996 0000 | 0048 8d44 | 2408 4c89 | 6dc0 498b | cfc5 f877 
  0x000002038745d480: 4989 afb0 | 0300 0049 | 8987 a003 | 0000 4883 | ec20 40f6 | c40f 0f84 | 1900 0000 | 4883 ec08 
  0x000002038745d4a0: 48b8 90eb | e4a1 fa7f | 0000 ffd0 | 4883 c408 | e90c 0000 | 0048 b890 | ebe4 a1fa | 7f00 00ff 
  0x000002038745d4c0: d048 83c4 | 2049 c787 | a003 0000 | 0000 0000 | 49c7 87b0 | 0300 0000 | 0000 0049 | c787 a803 
  0x000002038745d4e0: 0000 0000 | 0000 c5f8 | 7749 837f | 0800 0f84 | 0500 0000 | e907 3aff | ff4c 8b6d | c04c 8b75 
  0x000002038745d500: c84e 8d74 | f500 c348 | b9c0 2843 | a2fa 7f00 | 0048 83e4 | f048 b830 | 990a a2fa | 7f00 00ff 
  0x000002038745d520: d0f4 4c89 | 6dc0 488d | 024c 8b4a | 0848 c742 | 0800 0000 | 004c 8b00 | 4d85 c00f | 840b 0000 
  0x000002038745d540: 00f0 4d0f | b101 0f85 | 0c00 0000 | 49ff 8f58 | 0500 00e9 | 3e00 0000 | 4c89 4a08 | 488b ca48 
  0x000002038745d560: 83ec 2040 | f6c4 0f0f | 8419 0000 | 0048 83ec | 0848 b820 | bee4 a1fa | 7f00 00ff | d048 83c4 
  0x000002038745d580: 08e9 0c00 | 0000 48b8 | 20be e4a1 | fa7f 0000 | ffd0 4883 | c420 4c8b | 6dc0 49ba | 6c40 6ba2 
  0x000002038745d5a0: fa7f 0000 | 4180 3a00 | 0f84 3e00 | 0000 488b | 55e8 498b | cf48 83ec | 2040 f6c4 | 0f0f 8419 
  0x000002038745d5c0: 0000 0048 | 83ec 0848 | b880 b91b | a2fa 7f00 | 00ff d048 | 83c4 08e9 | 0c00 0000 | 48b8 80b9 
  0x000002038745d5e0: 1ba2 fa7f | 0000 ffd0 | 4883 c420 | 488b 0424 | 4883 c410 | c5fb 1004 | 2448 83c4 | 104c 8b5d 
  0x000002038745d600: 1841 ffd3 | 4c8b 5df8 | c95f 498b | e3ff e7ba | 0000 0000 | e805 0000 | 00e9 9600 | 0000 488d 
  0x000002038745d620: 4424 084c | 896d c049 | 8bcf c5f8 | 7749 89af | b003 0000 | 4989 87a0 | 0300 0048 | 83ec 2040 
  0x000002038745d640: f6c4 0f0f | 8419 0000 | 0048 83ec | 0848 b8e0 | b1e4 a1fa | 7f00 00ff | d048 83c4 | 08e9 0c00 
  0x000002038745d660: 0000 48b8 | e0b1 e4a1 | fa7f 0000 | ffd0 4883 | c420 49c7 | 87a0 0300 | 0000 0000 | 0049 c787 
  0x000002038745d680: b003 0000 | 0000 0000 | 49c7 87a8 | 0300 0000 | 0000 00c5 | f877 4983 | 7f08 000f | 8405 0000 
  0x000002038745d6a0: 00e9 5a38 | ffff 4c8b | 6dc0 4c8b | 75c8 4e8d | 74f5 00c3 | 488b 5de8 | e95b f6ff | ff66 6690 
[/MachCode]

---------------  P R O C E S S  ---------------

Threads class SMR info:
_java_thread_list=0x00000203d4aec1c0, length=15, elements={
0x00000203e8e0ff90, 0x00000203fb6d8c50, 0x00000203fb6d96b0, 0x00000203fb6ddfb0,
0x00000203fb6deda0, 0x00000203fb6e06d0, 0x00000203fb6eb280, 0x00000203fb6f5c40,
0x00000203fb6f9930, 0x00000203d41ec250, 0x00000203d42d5830, 0x00000203d42dfe80,
0x00000203d4c63140, 0x00000203d6b121d0, 0x00000203dee81070
}

Java Threads: ( => current thread )
=>0x00000203e8e0ff90 JavaThread "main"                              [_thread_in_native, id=972, stack(0x000000fcf0f00000,0x000000fcf1000000) (1024K)]
  0x00000203fb6d8c50 JavaThread "Reference Handler"          daemon [_thread_blocked, id=18064, stack(0x000000fcf1700000,0x000000fcf1800000) (1024K)]
  0x00000203fb6d96b0 JavaThread "Finalizer"                  daemon [_thread_blocked, id=8624, stack(0x000000fcf1800000,0x000000fcf1900000) (1024K)]
  0x00000203fb6ddfb0 JavaThread "Signal Dispatcher"          daemon [_thread_blocked, id=16780, stack(0x000000fcf1900000,0x000000fcf1a00000) (1024K)]
  0x00000203fb6deda0 JavaThread "Attach Listener"            daemon [_thread_blocked, id=13532, stack(0x000000fcf1a00000,0x000000fcf1b00000) (1024K)]
  0x00000203fb6e06d0 JavaThread "Service Thread"             daemon [_thread_blocked, id=3756, stack(0x000000fcf1b00000,0x000000fcf1c00000) (1024K)]
  0x00000203fb6eb280 JavaThread "Monitor Deflation Thread"   daemon [_thread_blocked, id=8204, stack(0x000000fcf1c00000,0x000000fcf1d00000) (1024K)]
  0x00000203fb6f5c40 JavaThread "C2 CompilerThread0"         daemon [_thread_blocked, id=16116, stack(0x000000fcf1d00000,0x000000fcf1e00000) (1024K)]
  0x00000203fb6f9930 JavaThread "C1 CompilerThread0"         daemon [_thread_blocked, id=18952, stack(0x000000fcf1e00000,0x000000fcf1f00000) (1024K)]
  0x00000203d41ec250 JavaThread "C1 CompilerThread1"         daemon [_thread_blocked, id=19300, stack(0x000000fcf1f00000,0x000000fcf2000000) (1024K)]
  0x00000203d42d5830 JavaThread "Notification Thread"        daemon [_thread_blocked, id=16564, stack(0x000000fcf2000000,0x000000fcf2100000) (1024K)]
  0x00000203d42dfe80 JavaThread "Common-Cleaner"             daemon [_thread_blocked, id=9972, stack(0x000000fcf2100000,0x000000fcf2200000) (1024K)]
  0x00000203d4c63140 JavaThread "C1 CompilerThread2"         daemon [_thread_blocked, id=18316, stack(0x000000fcf2600000,0x000000fcf2700000) (1024K)]
  0x00000203d6b121d0 JavaThread "Thread-0"                   daemon [_thread_blocked, id=18036, stack(0x000000fcf2b00000,0x000000fcf2c00000) (1024K)]
  0x00000203dee81070 JavaThread "LWJGL3 Timer"               daemon [_thread_blocked, id=7836, stack(0x000000fcf3200000,0x000000fcf3300000) (1024K)]
Total: 15

Other Threads:
  0x00000203fb6b7ae0 VMThread "VM Thread"                           [id=18284, stack(0x000000fcf1600000,0x000000fcf1700000) (1024K)]
  0x00000203fb6a0580 WatcherThread "VM Periodic Task Thread"        [id=16052, stack(0x000000fcf1500000,0x000000fcf1600000) (1024K)]
  0x00000203e90fc030 WorkerThread "GC Thread#0"                     [id=17948, stack(0x000000fcf1000000,0x000000fcf1100000) (1024K)]
  0x00000203e910bc70 ConcurrentGCThread "G1 Main Marker"            [id=16256, stack(0x000000fcf1100000,0x000000fcf1200000) (1024K)]
  0x00000203e910d5b0 WorkerThread "G1 Conc#0"                       [id=12440, stack(0x000000fcf1200000,0x000000fcf1300000) (1024K)]
  0x00000203fb574d40 ConcurrentGCThread "G1 Refine#0"               [id=4692, stack(0x000000fcf1300000,0x000000fcf1400000) (1024K)]
  0x00000203fb576580 ConcurrentGCThread "G1 Service"                [id=18740, stack(0x000000fcf1400000,0x000000fcf1500000) (1024K)]
Total: 7

Threads with active compile tasks:
Total: 0

VM state: not at safepoint (normal execution)

VM Mutex/Monitor currently owned by a thread: None

Heap address: 0x0000000712c00000, size: 3796 MB, Compressed Oops mode: Zero based, Oop shift amount: 3

CDS archive(s) mapped at: [0x000002038f000000-0x000002038fc60000-0x000002038fc60000), size 12976128, SharedBaseAddress: 0x000002038f000000, ArchiveRelocationMode: 1.
Compressed class space mapped at: 0x0000020390000000-0x00000203d0000000, reserved size: 1073741824
Narrow klass base: 0x000002038f000000, Narrow klass shift: 0, Narrow klass range: 0x41000000

GC Precious Log:
 CardTable entry size: 512
 Card Set container configuration: InlinePtr #cards 4 size 8 Array Of Cards #cards 16 size 48 Howl #buckets 8 coarsen threshold 3686 Howl Bitmap #cards 512 size 80 coarsen threshold 460 Card regions per heap region 1 cards per card region 4096
 CPUs: 16 total, 16 available
 Memory: 15182M
 Large Page Support: Disabled
 NUMA Support: Disabled
 Compressed Oops: Enabled (Zero based)
 Heap Region Size: 2M
 Heap Min Capacity: 8M
 Heap Initial Capacity: 238M
 Heap Max Capacity: 3796M
 Pre-touch: Disabled
 Parallel Workers: 13
 Concurrent Workers: 3
 Concurrent Refinement Workers: 13
 Periodic GC: Disabled

Heap:
 garbage-first heap   total reserved 3887104K, committed 243712K, used 20480K [0x0000000712c00000, 0x0000000800000000)
  region size 2048K, 11 young (22528K), 0 survivors (0K)
 Metaspace       used 6930K, committed 7104K, reserved 1114112K
  class space    used 495K, committed 576K, reserved 1048576K

Heap Regions: E=young(eden), S=young(survivor), O=old, HS=humongous(starts), HC=humongous(continues), CS=collection set, F=free, TAMS=top-at-mark-start, PB=parsable bottom
|   0|0x0000000712c00000, 0x0000000712e00000, 0x0000000712e00000|100%|HS|  |TAMS 0x0000000712c00000| PB 0x0000000712c00000| Complete |  0
|   1|0x0000000712e00000, 0x0000000712e00000, 0x0000000713000000|  0%| F|  |TAMS 0x0000000712e00000| PB 0x0000000712e00000| Untracked |  0
|   2|0x0000000713000000, 0x0000000713000000, 0x0000000713200000|  0%| F|  |TAMS 0x0000000713000000| PB 0x0000000713000000| Untracked |  0
|   3|0x0000000713200000, 0x0000000713200000, 0x0000000713400000|  0%| F|  |TAMS 0x0000000713200000| PB 0x0000000713200000| Untracked |  0
|   4|0x0000000713400000, 0x0000000713400000, 0x0000000713600000|  0%| F|  |TAMS 0x0000000713400000| PB 0x0000000713400000| Untracked |  0
|   5|0x0000000713600000, 0x0000000713600000, 0x0000000713800000|  0%| F|  |TAMS 0x0000000713600000| PB 0x0000000713600000| Untracked |  0
|   6|0x0000000713800000, 0x0000000713800000, 0x0000000713a00000|  0%| F|  |TAMS 0x0000000713800000| PB 0x0000000713800000| Untracked |  0
|   7|0x0000000713a00000, 0x0000000713a00000, 0x0000000713c00000|  0%| F|  |TAMS 0x0000000713a00000| PB 0x0000000713a00000| Untracked |  0
|   8|0x0000000713c00000, 0x0000000713c00000, 0x0000000713e00000|  0%| F|  |TAMS 0x0000000713c00000| PB 0x0000000713c00000| Untracked |  0
|   9|0x0000000713e00000, 0x0000000713e00000, 0x0000000714000000|  0%| F|  |TAMS 0x0000000713e00000| PB 0x0000000713e00000| Untracked |  0
|  10|0x0000000714000000, 0x0000000714000000, 0x0000000714200000|  0%| F|  |TAMS 0x0000000714000000| PB 0x0000000714000000| Untracked |  0
|  11|0x0000000714200000, 0x0000000714200000, 0x0000000714400000|  0%| F|  |TAMS 0x0000000714200000| PB 0x0000000714200000| Untracked |  0
|  12|0x0000000714400000, 0x0000000714400000, 0x0000000714600000|  0%| F|  |TAMS 0x0000000714400000| PB 0x0000000714400000| Untracked |  0
|  13|0x0000000714600000, 0x0000000714600000, 0x0000000714800000|  0%| F|  |TAMS 0x0000000714600000| PB 0x0000000714600000| Untracked |  0
|  14|0x0000000714800000, 0x0000000714800000, 0x0000000714a00000|  0%| F|  |TAMS 0x0000000714800000| PB 0x0000000714800000| Untracked |  0
|  15|0x0000000714a00000, 0x0000000714a00000, 0x0000000714c00000|  0%| F|  |TAMS 0x0000000714a00000| PB 0x0000000714a00000| Untracked |  0
|  16|0x0000000714c00000, 0x0000000714c00000, 0x0000000714e00000|  0%| F|  |TAMS 0x0000000714c00000| PB 0x0000000714c00000| Untracked |  0
|  17|0x0000000714e00000, 0x0000000714e00000, 0x0000000715000000|  0%| F|  |TAMS 0x0000000714e00000| PB 0x0000000714e00000| Untracked |  0
|  18|0x0000000715000000, 0x0000000715000000, 0x0000000715200000|  0%| F|  |TAMS 0x0000000715000000| PB 0x0000000715000000| Untracked |  0
|  19|0x0000000715200000, 0x0000000715200000, 0x0000000715400000|  0%| F|  |TAMS 0x0000000715200000| PB 0x0000000715200000| Untracked |  0
|  20|0x0000000715400000, 0x0000000715400000, 0x0000000715600000|  0%| F|  |TAMS 0x0000000715400000| PB 0x0000000715400000| Untracked |  0
|  21|0x0000000715600000, 0x0000000715600000, 0x0000000715800000|  0%| F|  |TAMS 0x0000000715600000| PB 0x0000000715600000| Untracked |  0
|  22|0x0000000715800000, 0x0000000715800000, 0x0000000715a00000|  0%| F|  |TAMS 0x0000000715800000| PB 0x0000000715800000| Untracked |  0
|  23|0x0000000715a00000, 0x0000000715a00000, 0x0000000715c00000|  0%| F|  |TAMS 0x0000000715a00000| PB 0x0000000715a00000| Untracked |  0
|  24|0x0000000715c00000, 0x0000000715c00000, 0x0000000715e00000|  0%| F|  |TAMS 0x0000000715c00000| PB 0x0000000715c00000| Untracked |  0
|  25|0x0000000715e00000, 0x0000000715e00000, 0x0000000716000000|  0%| F|  |TAMS 0x0000000715e00000| PB 0x0000000715e00000| Untracked |  0
|  26|0x0000000716000000, 0x0000000716000000, 0x0000000716200000|  0%| F|  |TAMS 0x0000000716000000| PB 0x0000000716000000| Untracked |  0
|  27|0x0000000716200000, 0x0000000716200000, 0x0000000716400000|  0%| F|  |TAMS 0x0000000716200000| PB 0x0000000716200000| Untracked |  0
|  28|0x0000000716400000, 0x0000000716400000, 0x0000000716600000|  0%| F|  |TAMS 0x0000000716400000| PB 0x0000000716400000| Untracked |  0
|  29|0x0000000716600000, 0x0000000716600000, 0x0000000716800000|  0%| F|  |TAMS 0x0000000716600000| PB 0x0000000716600000| Untracked |  0
|  30|0x0000000716800000, 0x0000000716800000, 0x0000000716a00000|  0%| F|  |TAMS 0x0000000716800000| PB 0x0000000716800000| Untracked |  0
|  31|0x0000000716a00000, 0x0000000716a00000, 0x0000000716c00000|  0%| F|  |TAMS 0x0000000716a00000| PB 0x0000000716a00000| Untracked |  0
|  32|0x0000000716c00000, 0x0000000716c00000, 0x0000000716e00000|  0%| F|  |TAMS 0x0000000716c00000| PB 0x0000000716c00000| Untracked |  0
|  33|0x0000000716e00000, 0x0000000716e00000, 0x0000000717000000|  0%| F|  |TAMS 0x0000000716e00000| PB 0x0000000716e00000| Untracked |  0
|  34|0x0000000717000000, 0x0000000717000000, 0x0000000717200000|  0%| F|  |TAMS 0x0000000717000000| PB 0x0000000717000000| Untracked |  0
|  35|0x0000000717200000, 0x0000000717200000, 0x0000000717400000|  0%| F|  |TAMS 0x0000000717200000| PB 0x0000000717200000| Untracked |  0
|  36|0x0000000717400000, 0x0000000717400000, 0x0000000717600000|  0%| F|  |TAMS 0x0000000717400000| PB 0x0000000717400000| Untracked |  0
|  37|0x0000000717600000, 0x0000000717600000, 0x0000000717800000|  0%| F|  |TAMS 0x0000000717600000| PB 0x0000000717600000| Untracked |  0
|  38|0x0000000717800000, 0x0000000717800000, 0x0000000717a00000|  0%| F|  |TAMS 0x0000000717800000| PB 0x0000000717800000| Untracked |  0
|  39|0x0000000717a00000, 0x0000000717a00000, 0x0000000717c00000|  0%| F|  |TAMS 0x0000000717a00000| PB 0x0000000717a00000| Untracked |  0
|  40|0x0000000717c00000, 0x0000000717c00000, 0x0000000717e00000|  0%| F|  |TAMS 0x0000000717c00000| PB 0x0000000717c00000| Untracked |  0
|  41|0x0000000717e00000, 0x0000000717e00000, 0x0000000718000000|  0%| F|  |TAMS 0x0000000717e00000| PB 0x0000000717e00000| Untracked |  0
|  42|0x0000000718000000, 0x0000000718000000, 0x0000000718200000|  0%| F|  |TAMS 0x0000000718000000| PB 0x0000000718000000| Untracked |  0
|  43|0x0000000718200000, 0x0000000718200000, 0x0000000718400000|  0%| F|  |TAMS 0x0000000718200000| PB 0x0000000718200000| Untracked |  0
|  44|0x0000000718400000, 0x0000000718400000, 0x0000000718600000|  0%| F|  |TAMS 0x0000000718400000| PB 0x0000000718400000| Untracked |  0
|  45|0x0000000718600000, 0x0000000718600000, 0x0000000718800000|  0%| F|  |TAMS 0x0000000718600000| PB 0x0000000718600000| Untracked |  0
|  46|0x0000000718800000, 0x0000000718800000, 0x0000000718a00000|  0%| F|  |TAMS 0x0000000718800000| PB 0x0000000718800000| Untracked |  0
|  47|0x0000000718a00000, 0x0000000718a00000, 0x0000000718c00000|  0%| F|  |TAMS 0x0000000718a00000| PB 0x0000000718a00000| Untracked |  0
|  48|0x0000000718c00000, 0x0000000718c00000, 0x0000000718e00000|  0%| F|  |TAMS 0x0000000718c00000| PB 0x0000000718c00000| Untracked |  0
|  49|0x0000000718e00000, 0x0000000718e00000, 0x0000000719000000|  0%| F|  |TAMS 0x0000000718e00000| PB 0x0000000718e00000| Untracked |  0
|  50|0x0000000719000000, 0x0000000719000000, 0x0000000719200000|  0%| F|  |TAMS 0x0000000719000000| PB 0x0000000719000000| Untracked |  0
|  51|0x0000000719200000, 0x0000000719200000, 0x0000000719400000|  0%| F|  |TAMS 0x0000000719200000| PB 0x0000000719200000| Untracked |  0
|  52|0x0000000719400000, 0x0000000719400000, 0x0000000719600000|  0%| F|  |TAMS 0x0000000719400000| PB 0x0000000719400000| Untracked |  0
|  53|0x0000000719600000, 0x0000000719600000, 0x0000000719800000|  0%| F|  |TAMS 0x0000000719600000| PB 0x0000000719600000| Untracked |  0
|  54|0x0000000719800000, 0x0000000719800000, 0x0000000719a00000|  0%| F|  |TAMS 0x0000000719800000| PB 0x0000000719800000| Untracked |  0
|  55|0x0000000719a00000, 0x0000000719a00000, 0x0000000719c00000|  0%| F|  |TAMS 0x0000000719a00000| PB 0x0000000719a00000| Untracked |  0
|  56|0x0000000719c00000, 0x0000000719c00000, 0x0000000719e00000|  0%| F|  |TAMS 0x0000000719c00000| PB 0x0000000719c00000| Untracked |  0
|  57|0x0000000719e00000, 0x0000000719e00000, 0x000000071a000000|  0%| F|  |TAMS 0x0000000719e00000| PB 0x0000000719e00000| Untracked |  0
|  58|0x000000071a000000, 0x000000071a000000, 0x000000071a200000|  0%| F|  |TAMS 0x000000071a000000| PB 0x000000071a000000| Untracked |  0
|  59|0x000000071a200000, 0x000000071a200000, 0x000000071a400000|  0%| F|  |TAMS 0x000000071a200000| PB 0x000000071a200000| Untracked |  0
|  60|0x000000071a400000, 0x000000071a400000, 0x000000071a600000|  0%| F|  |TAMS 0x000000071a400000| PB 0x000000071a400000| Untracked |  0
|  61|0x000000071a600000, 0x000000071a600000, 0x000000071a800000|  0%| F|  |TAMS 0x000000071a600000| PB 0x000000071a600000| Untracked |  0
|  62|0x000000071a800000, 0x000000071a800000, 0x000000071aa00000|  0%| F|  |TAMS 0x000000071a800000| PB 0x000000071a800000| Untracked |  0
|  63|0x000000071aa00000, 0x000000071aa00000, 0x000000071ac00000|  0%| F|  |TAMS 0x000000071aa00000| PB 0x000000071aa00000| Untracked |  0
|  64|0x000000071ac00000, 0x000000071ac00000, 0x000000071ae00000|  0%| F|  |TAMS 0x000000071ac00000| PB 0x000000071ac00000| Untracked |  0
|  65|0x000000071ae00000, 0x000000071ae00000, 0x000000071b000000|  0%| F|  |TAMS 0x000000071ae00000| PB 0x000000071ae00000| Untracked |  0
|  66|0x000000071b000000, 0x000000071b000000, 0x000000071b200000|  0%| F|  |TAMS 0x000000071b000000| PB 0x000000071b000000| Untracked |  0
|  67|0x000000071b200000, 0x000000071b200000, 0x000000071b400000|  0%| F|  |TAMS 0x000000071b200000| PB 0x000000071b200000| Untracked |  0
|  68|0x000000071b400000, 0x000000071b400000, 0x000000071b600000|  0%| F|  |TAMS 0x000000071b400000| PB 0x000000071b400000| Untracked |  0
|  69|0x000000071b600000, 0x000000071b600000, 0x000000071b800000|  0%| F|  |TAMS 0x000000071b600000| PB 0x000000071b600000| Untracked |  0
|  70|0x000000071b800000, 0x000000071b800000, 0x000000071ba00000|  0%| F|  |TAMS 0x000000071b800000| PB 0x000000071b800000| Untracked |  0
|  71|0x000000071ba00000, 0x000000071ba00000, 0x000000071bc00000|  0%| F|  |TAMS 0x000000071ba00000| PB 0x000000071ba00000| Untracked |  0
|  72|0x000000071bc00000, 0x000000071bc00000, 0x000000071be00000|  0%| F|  |TAMS 0x000000071bc00000| PB 0x000000071bc00000| Untracked |  0
|  73|0x000000071be00000, 0x000000071be00000, 0x000000071c000000|  0%| F|  |TAMS 0x000000071be00000| PB 0x000000071be00000| Untracked |  0
|  74|0x000000071c000000, 0x000000071c000000, 0x000000071c200000|  0%| F|  |TAMS 0x000000071c000000| PB 0x000000071c000000| Untracked |  0
|  75|0x000000071c200000, 0x000000071c200000, 0x000000071c400000|  0%| F|  |TAMS 0x000000071c200000| PB 0x000000071c200000| Untracked |  0
|  76|0x000000071c400000, 0x000000071c400000, 0x000000071c600000|  0%| F|  |TAMS 0x000000071c400000| PB 0x000000071c400000| Untracked |  0
|  77|0x000000071c600000, 0x000000071c600000, 0x000000071c800000|  0%| F|  |TAMS 0x000000071c600000| PB 0x000000071c600000| Untracked |  0
|  78|0x000000071c800000, 0x000000071c800000, 0x000000071ca00000|  0%| F|  |TAMS 0x000000071c800000| PB 0x000000071c800000| Untracked |  0
|  79|0x000000071ca00000, 0x000000071ca00000, 0x000000071cc00000|  0%| F|  |TAMS 0x000000071ca00000| PB 0x000000071ca00000| Untracked |  0
|  80|0x000000071cc00000, 0x000000071cc00000, 0x000000071ce00000|  0%| F|  |TAMS 0x000000071cc00000| PB 0x000000071cc00000| Untracked |  0
|  81|0x000000071ce00000, 0x000000071ce00000, 0x000000071d000000|  0%| F|  |TAMS 0x000000071ce00000| PB 0x000000071ce00000| Untracked |  0
|  82|0x000000071d000000, 0x000000071d000000, 0x000000071d200000|  0%| F|  |TAMS 0x000000071d000000| PB 0x000000071d000000| Untracked |  0
|  83|0x000000071d200000, 0x000000071d200000, 0x000000071d400000|  0%| F|  |TAMS 0x000000071d200000| PB 0x000000071d200000| Untracked |  0
|  84|0x000000071d400000, 0x000000071d400000, 0x000000071d600000|  0%| F|  |TAMS 0x000000071d400000| PB 0x000000071d400000| Untracked |  0
|  85|0x000000071d600000, 0x000000071d600000, 0x000000071d800000|  0%| F|  |TAMS 0x000000071d600000| PB 0x000000071d600000| Untracked |  0
|  86|0x000000071d800000, 0x000000071d800000, 0x000000071da00000|  0%| F|  |TAMS 0x000000071d800000| PB 0x000000071d800000| Untracked |  0
|  87|0x000000071da00000, 0x000000071da00000, 0x000000071dc00000|  0%| F|  |TAMS 0x000000071da00000| PB 0x000000071da00000| Untracked |  0
|  88|0x000000071dc00000, 0x000000071dc00000, 0x000000071de00000|  0%| F|  |TAMS 0x000000071dc00000| PB 0x000000071dc00000| Untracked |  0
|  89|0x000000071de00000, 0x000000071de00000, 0x000000071e000000|  0%| F|  |TAMS 0x000000071de00000| PB 0x000000071de00000| Untracked |  0
|  90|0x000000071e000000, 0x000000071e000000, 0x000000071e200000|  0%| F|  |TAMS 0x000000071e000000| PB 0x000000071e000000| Untracked |  0
|  91|0x000000071e200000, 0x000000071e200000, 0x000000071e400000|  0%| F|  |TAMS 0x000000071e200000| PB 0x000000071e200000| Untracked |  0
|  92|0x000000071e400000, 0x000000071e400000, 0x000000071e600000|  0%| F|  |TAMS 0x000000071e400000| PB 0x000000071e400000| Untracked |  0
|  93|0x000000071e600000, 0x000000071e600000, 0x000000071e800000|  0%| F|  |TAMS 0x000000071e600000| PB 0x000000071e600000| Untracked |  0
|  94|0x000000071e800000, 0x000000071e800000, 0x000000071ea00000|  0%| F|  |TAMS 0x000000071e800000| PB 0x000000071e800000| Untracked |  0
|  95|0x000000071ea00000, 0x000000071ea00000, 0x000000071ec00000|  0%| F|  |TAMS 0x000000071ea00000| PB 0x000000071ea00000| Untracked |  0
|  96|0x000000071ec00000, 0x000000071ec00000, 0x000000071ee00000|  0%| F|  |TAMS 0x000000071ec00000| PB 0x000000071ec00000| Untracked |  0
|  97|0x000000071ee00000, 0x000000071ee00000, 0x000000071f000000|  0%| F|  |TAMS 0x000000071ee00000| PB 0x000000071ee00000| Untracked |  0
|  98|0x000000071f000000, 0x000000071f000000, 0x000000071f200000|  0%| F|  |TAMS 0x000000071f000000| PB 0x000000071f000000| Untracked |  0
|  99|0x000000071f200000, 0x000000071f200000, 0x000000071f400000|  0%| F|  |TAMS 0x000000071f200000| PB 0x000000071f200000| Untracked |  0
| 100|0x000000071f400000, 0x000000071f400000, 0x000000071f600000|  0%| F|  |TAMS 0x000000071f400000| PB 0x000000071f400000| Untracked |  0
| 101|0x000000071f600000, 0x000000071f600000, 0x000000071f800000|  0%| F|  |TAMS 0x000000071f600000| PB 0x000000071f600000| Untracked |  0
| 102|0x000000071f800000, 0x000000071f800000, 0x000000071fa00000|  0%| F|  |TAMS 0x000000071f800000| PB 0x000000071f800000| Untracked |  0
| 103|0x000000071fa00000, 0x000000071fa00000, 0x000000071fc00000|  0%| F|  |TAMS 0x000000071fa00000| PB 0x000000071fa00000| Untracked |  0
| 104|0x000000071fc00000, 0x000000071fc00000, 0x000000071fe00000|  0%| F|  |TAMS 0x000000071fc00000| PB 0x000000071fc00000| Untracked |  0
| 105|0x000000071fe00000, 0x000000071fe00000, 0x0000000720000000|  0%| F|  |TAMS 0x000000071fe00000| PB 0x000000071fe00000| Untracked |  0
| 106|0x0000000720000000, 0x0000000720000000, 0x0000000720200000|  0%| F|  |TAMS 0x0000000720000000| PB 0x0000000720000000| Untracked |  0
| 107|0x0000000720200000, 0x0000000720200000, 0x0000000720400000|  0%| F|  |TAMS 0x0000000720200000| PB 0x0000000720200000| Untracked |  0
| 108|0x0000000720400000, 0x0000000720600000, 0x0000000720600000|100%| E|  |TAMS 0x0000000720400000| PB 0x0000000720400000| Complete |  0
| 109|0x0000000720600000, 0x0000000720800000, 0x0000000720800000|100%| E|CS|TAMS 0x0000000720600000| PB 0x0000000720600000| Complete |  0
| 110|0x0000000720800000, 0x0000000720a00000, 0x0000000720a00000|100%| E|  |TAMS 0x0000000720800000| PB 0x0000000720800000| Complete |  0
| 111|0x0000000720a00000, 0x0000000720c00000, 0x0000000720c00000|100%| E|CS|TAMS 0x0000000720a00000| PB 0x0000000720a00000| Complete |  0
| 112|0x0000000720c00000, 0x0000000720e00000, 0x0000000720e00000|100%| E|CS|TAMS 0x0000000720c00000| PB 0x0000000720c00000| Complete |  0
| 113|0x0000000720e00000, 0x0000000721000000, 0x0000000721000000|100%| E|CS|TAMS 0x0000000720e00000| PB 0x0000000720e00000| Complete |  0
| 114|0x0000000721000000, 0x0000000721200000, 0x0000000721200000|100%| E|CS|TAMS 0x0000000721000000| PB 0x0000000721000000| Complete |  0
| 115|0x0000000721200000, 0x0000000721400000, 0x0000000721400000|100%| E|CS|TAMS 0x0000000721200000| PB 0x0000000721200000| Complete |  0
| 116|0x0000000721400000, 0x0000000721600000, 0x0000000721600000|100%| E|CS|TAMS 0x0000000721400000| PB 0x0000000721400000| Complete |  0
| 117|0x0000000721600000, 0x0000000721800000, 0x0000000721800000|100%| E|CS|TAMS 0x0000000721600000| PB 0x0000000721600000| Complete |  0
| 118|0x0000000721800000, 0x0000000721a00000, 0x0000000721a00000|100%| E|CS|TAMS 0x0000000721800000| PB 0x0000000721800000| Complete |  0

Card table byte_map: [0x00000203f43a0000,0x00000203f4b10000] _byte_map_base: 0x00000203f0b0a000

Marking Bits: (CMBitMap*) 0x00000203e90fc650
 Bits: [0x00000203f4b10000, 0x00000203f8660000)

Polling page: 0x00000203e9150000

Metaspace:

Usage:
  Non-class:      6.28 MB used.
      Class:    495.26 KB used.
       Both:      6.77 MB used.

Virtual space:
  Non-class space:       64.00 MB reserved,       6.38 MB ( 10%) committed,  1 nodes.
      Class space:        1.00 GB reserved,     576.00 KB ( <1%) committed,  1 nodes.
             Both:        1.06 GB reserved,       6.94 MB ( <1%) committed. 

Chunk freelists:
   Non-Class:  7.86 MB
       Class:  15.42 MB
        Both:  23.28 MB

MaxMetaspaceSize: unlimited
CompressedClassSpaceSize: 1.00 GB
Initial GC threshold: 21.00 MB
Current GC threshold: 21.00 MB
CDS: on
 - commit_granule_bytes: 65536.
 - commit_granule_words: 8192.
 - virtual_space_node_default_size: 8388608.
 - enlarge_chunks_in_place: 1.
 - use_allocation_guard: 0.


Internal statistics:

num_allocs_failed_limit: 0.
num_arena_births: 78.
num_arena_deaths: 0.
num_vsnodes_births: 2.
num_vsnodes_deaths: 0.
num_space_committed: 110.
num_space_uncommitted: 0.
num_chunks_returned_to_freelist: 0.
num_chunks_taken_from_freelist: 272.
num_chunk_merges: 0.
num_chunk_splits: 188.
num_chunks_enlarged: 145.
num_inconsistent_stats: 0.

CodeHeap 'non-profiled nmethods': size=119168Kb used=642Kb max_used=642Kb free=118525Kb
 bounds [0x0000020387ba0000, 0x0000020387e10000, 0x000002038f000000]
CodeHeap 'profiled nmethods': size=119104Kb used=2865Kb max_used=2865Kb free=116238Kb
 bounds [0x0000020380000000, 0x00000203802d0000, 0x0000020387450000]
CodeHeap 'non-nmethods': size=7488Kb used=3324Kb max_used=3903Kb free=4163Kb
 bounds [0x0000020387450000, 0x0000020387830000, 0x0000020387ba0000]
 total_blobs=2717 nmethods=1568 adapters=1052
 compilation: enabled
              stopped_count=0, restarted_count=0
 full_count=0

Compilation events (20 events):
Event: 7.953 Thread 0x00000203d4c63140 nmethod 1555 0x00000203802c6510 code [0x00000203802c66c0, 0x00000203802c6898]
Event: 8.119 Thread 0x00000203fb6f5c40 1558       4       java.nio.MappedByteBuffer::position (6 bytes)
Event: 8.120 Thread 0x00000203fb6f5c40 nmethod 1558 0x0000020387c3e510 code [0x0000020387c3e6a0, 0x0000020387c3e7b0]
Event: 8.303 Thread 0x00000203fb6f5c40 1559       4       com.badlogic.gdx.physics.box2d.Box2DDebugRenderer::drawSolidCircle (247 bytes)
Event: 8.313 Thread 0x00000203fb6f5c40 nmethod 1559 0x0000020387c3e910 code [0x0000020387c3eba0, 0x0000020387c3f8c0]
Event: 8.453 Thread 0x00000203d4c63140 1560       3       com.badlogic.gdx.graphics.glutils.VertexBufferObject::bind (255 bytes)
Event: 8.453 Thread 0x00000203fb6f9930 1561       3       com.badlogic.gdx.backends.lwjgl3.Lwjgl3GL20::glBufferData (113 bytes)
Event: 8.453 Thread 0x00000203d41ec250 1562       3       org.lwjgl.opengl.GL15::glBufferData (7 bytes)
Event: 8.453 Thread 0x00000203d41ec250 nmethod 1562 0x00000203802c6990 code [0x00000203802c6b40, 0x00000203802c6c58]
Event: 8.453 Thread 0x00000203d41ec250 1563       3       org.lwjgl.opengl.GL15C::glBufferData (15 bytes)
Event: 8.453 Thread 0x00000203fb6f9930 nmethod 1561 0x00000203802c6d10 code [0x00000203802c6fa0, 0x00000203802c7ec0]
Event: 8.453 Thread 0x00000203d41ec250 nmethod 1563 0x00000203802c8190 code [0x00000203802c8360, 0x00000203802c8688]
Event: 8.454 Thread 0x00000203d4c63140 nmethod 1560 0x00000203802c8810 code [0x00000203802c8b40, 0x00000203802c9ca8]
Event: 8.669 Thread 0x00000203d4c63140 1566       3       com.AngryBird.game.Level1::renderStructures (76 bytes)
Event: 8.669 Thread 0x00000203d4c63140 nmethod 1566 0x00000203802ca690 code [0x00000203802ca8e0, 0x00000203802cad90]
Event: 8.881 Thread 0x00000203d4c63140 1567       3       java.lang.ClassLoader::findNative (21 bytes)
Event: 8.881 Thread 0x00000203fb6f9930 1568       3       jdk.internal.loader.NativeLibraries::find (70 bytes)
Event: 8.881 Thread 0x00000203d41ec250 1569       3       java.util.concurrent.ConcurrentHashMap::isEmpty (15 bytes)
Event: 8.882 Thread 0x00000203d41ec250 nmethod 1569 0x00000203802cb010 code [0x00000203802cb1c0, 0x00000203802cb350]
Event: 8.882 Thread 0x00000203d4c63140 nmethod 1567 0x00000203802cb410 code [0x00000203802cb5e0, 0x00000203802cb7f0]

GC Heap History (0 events):
No events

Dll operation events (10 events):
Event: 0.007 Loaded shared library C:\Program Files\Java\jdk-22\bin\java.dll
Event: 0.028 Loaded shared library C:\Program Files\Java\jdk-22\bin\jsvml.dll
Event: 0.067 Loaded shared library C:\Program Files\Java\jdk-22\bin\net.dll
Event: 0.068 Loaded shared library C:\Program Files\Java\jdk-22\bin\nio.dll
Event: 0.070 Loaded shared library C:\Program Files\Java\jdk-22\bin\zip.dll
Event: 0.120 Loaded shared library C:\Program Files\Java\jdk-22\bin\jimage.dll
Event: 0.125 Loaded shared library C:\ProgramData\libGDX-temp\libgdxaksha\2a9d7f76\gdx64.dll
Event: 0.166 Loaded shared library C:\ProgramData\libGDX-temp\lwjgl_aksha\3.3.3+5\x64\lwjgl.dll
Event: 0.418 Loaded shared library C:\ProgramData\libGDX-temp\lwjgl_aksha\3.3.3+5\x64\lwjgl_opengl.dll
Event: 5.240 Loaded shared library C:\ProgramData\libGDX-temp\libgdxaksha\5e84b8da\gdx-box2d64.dll

Deoptimization events (20 events):
Event: 1.625 Thread 0x00000203e8e0ff90 DEOPT PACKING pc=0x00000203801e5e69 sp=0x000000fcf0ffeeb0
Event: 1.625 Thread 0x00000203e8e0ff90 DEOPT UNPACKING pc=0x00000203874a4e42 sp=0x000000fcf0ffe358 mode 0
Event: 1.841 Thread 0x00000203e8e0ff90 DEOPT PACKING pc=0x00000203801e5ee5 sp=0x000000fcf0ffeeb0
Event: 1.841 Thread 0x00000203e8e0ff90 DEOPT UNPACKING pc=0x00000203874a4e42 sp=0x000000fcf0ffe358 mode 0
Event: 1.842 Thread 0x00000203e8e0ff90 DEOPT PACKING pc=0x0000020380209090 sp=0x000000fcf0ffee10
Event: 1.842 Thread 0x00000203e8e0ff90 DEOPT UNPACKING pc=0x00000203874a4e42 sp=0x000000fcf0ffe2b8 mode 0
Event: 1.842 Thread 0x00000203e8e0ff90 DEOPT PACKING pc=0x00000203801e5d2e sp=0x000000fcf0ffeeb0
Event: 1.842 Thread 0x00000203e8e0ff90 DEOPT UNPACKING pc=0x00000203874a4e42 sp=0x000000fcf0ffe358 mode 0
Event: 2.041 Thread 0x00000203e8e0ff90 DEOPT PACKING pc=0x00000203801e5d2e sp=0x000000fcf0ffeeb0
Event: 2.041 Thread 0x00000203e8e0ff90 DEOPT UNPACKING pc=0x00000203874a4e42 sp=0x000000fcf0ffe358 mode 0
Event: 2.041 Thread 0x00000203e8e0ff90 DEOPT PACKING pc=0x0000020380207b65 sp=0x000000fcf0ffee60
Event: 2.041 Thread 0x00000203e8e0ff90 DEOPT UNPACKING pc=0x00000203874a4e42 sp=0x000000fcf0ffe2c0 mode 0
Event: 2.042 Thread 0x00000203e8e0ff90 DEOPT PACKING pc=0x00000203801e5d2e sp=0x000000fcf0ffeeb0
Event: 2.042 Thread 0x00000203e8e0ff90 DEOPT UNPACKING pc=0x00000203874a4e42 sp=0x000000fcf0ffe358 mode 0
Event: 2.042 Thread 0x00000203e8e0ff90 DEOPT PACKING pc=0x00000203801e5d2e sp=0x000000fcf0ffeeb0
Event: 2.042 Thread 0x00000203e8e0ff90 DEOPT UNPACKING pc=0x00000203874a4e42 sp=0x000000fcf0ffe358 mode 0
Event: 5.280 Thread 0x00000203e8e0ff90 Uncommon trap: trap_request=0xffffff45 fr.pc=0x0000020387c267ac relative=0x000000000000054c
Event: 5.280 Thread 0x00000203e8e0ff90 Uncommon trap: reason=unstable_if action=reinterpret pc=0x0000020387c267ac method=com.badlogic.gdx.utils.ObjectIntMap.locateKey(Ljava/lang/Object;)I @ 32 c2
Event: 5.280 Thread 0x00000203e8e0ff90 DEOPT PACKING pc=0x0000020387c267ac sp=0x000000fcf0ffe900
Event: 5.280 Thread 0x00000203e8e0ff90 DEOPT UNPACKING pc=0x00000203874a46a2 sp=0x000000fcf0ffe8a8 mode 2

Classes loaded (20 events):
Event: 0.746 Loading class java/io/ObjectStreamClass$2
Event: 0.746 Loading class java/io/ObjectStreamClass$2 done
Event: 0.746 Loading class java/io/ClassCache$CacheRef
Event: 0.746 Loading class java/io/ClassCache$CacheRef done
Event: 0.746 Loading class java/io/ObjectStreamClass$FieldReflectorKey
Event: 0.746 Loading class java/io/ObjectStreamClass$FieldReflectorKey done
Event: 0.746 Loading class java/io/ObjectStreamClass$FieldReflector
Event: 0.746 Loading class java/io/ObjectStreamClass$FieldReflector done
Event: 0.746 Loading class java/io/ObjectStreamClass$ExceptionInfo
Event: 0.746 Loading class java/io/ObjectStreamClass$ExceptionInfo done
Event: 0.803 Loading class java/io/BufferedReader
Event: 0.803 Loading class java/io/BufferedReader done
Event: 0.803 Loading class sun/nio/cs/StreamDecoder
Event: 0.803 Loading class sun/nio/cs/StreamDecoder done
Event: 0.803 Loading class sun/nio/cs/UTF_8$Decoder
Event: 0.803 Loading class sun/nio/cs/UTF_8$Decoder done
Event: 3.925 Loading class java/lang/SecurityException
Event: 3.926 Loading class java/lang/SecurityException done
Event: 3.926 Loading class java/lang/reflect/InvocationTargetException
Event: 3.926 Loading class java/lang/reflect/InvocationTargetException done

Classes unloaded (0 events):
No events

Classes redefined (0 events):
No events

Internal exceptions (20 events):
Event: 0.206 Thread 0x00000203e8e0ff90 Exception <a 'java/lang/NoSuchMethodError'{0x0000000721355898}: 'int java.lang.invoke.DirectMethodHandle$Holder.invokeStaticInit(java.lang.Object, java.lang.Object, long, long)'> (0x0000000721355898) 
thrown [s\open\src\hotspot\share\interpreter\linkResolver.cpp, line 774]
Event: 0.206 Thread 0x00000203e8e0ff90 Exception <a 'java/lang/NoSuchMethodError'{0x000000072135b320}: 'java.lang.Object java.lang.invoke.DirectMethodHandle$Holder.newInvokeSpecial(java.lang.Object, java.lang.Object, long)'> (0x000000072135b320) 
thrown [s\open\src\hotspot\share\interpreter\linkResolver.cpp, line 774]
Event: 0.207 Thread 0x00000203e8e0ff90 Exception <a 'java/lang/NoSuchMethodError'{0x000000072135f200}: 'java.lang.Object java.lang.invoke.Invokers$Holder.linkToTargetMethod(java.lang.Object, long, java.lang.Object)'> (0x000000072135f200) 
thrown [s\open\src\hotspot\share\interpreter\linkResolver.cpp, line 774]
Event: 0.207 Thread 0x00000203e8e0ff90 Exception <a 'java/lang/NoSuchMethodError'{0x0000000721366428}: 'int java.lang.invoke.DirectMethodHandle$Holder.invokeStaticInit(java.lang.Object, java.lang.Object, java.lang.Object, long)'> (0x0000000721366428) 
thrown [s\open\src\hotspot\share\interpreter\linkResolver.cpp, line 774]
Event: 0.220 Thread 0x00000203e8e0ff90 Exception <a 'sun/nio/fs/WindowsException'{0x00000007213ee6f8}> (0x00000007213ee6f8) 
thrown [s\open\src\hotspot\share\prims\jni.cpp, line 520]
Event: 0.220 Thread 0x00000203e8e0ff90 Exception <a 'sun/nio/fs/WindowsException'{0x00000007213eea58}> (0x00000007213eea58) 
thrown [s\open\src\hotspot\share\prims\jni.cpp, line 520]
Event: 0.240 Thread 0x00000203e8e0ff90 Exception <a 'sun/nio/fs/WindowsException'{0x000000072109bb88}> (0x000000072109bb88) 
thrown [s\open\src\hotspot\share\prims\jni.cpp, line 520]
Event: 0.240 Thread 0x00000203e8e0ff90 Exception <a 'sun/nio/fs/WindowsException'{0x000000072109beb8}> (0x000000072109beb8) 
thrown [s\open\src\hotspot\share\prims\jni.cpp, line 520]
Event: 0.244 Thread 0x00000203e8e0ff90 Exception <a 'java/lang/NoSuchMethodError'{0x00000007210a3000}: 'int java.lang.invoke.Invokers$Holder.invokeExact_MT(java.lang.Object, java.lang.Object)'> (0x00000007210a3000) 
thrown [s\open\src\hotspot\share\interpreter\linkResolver.cpp, line 774]
Event: 0.277 Thread 0x00000203e8e0ff90 Exception <a 'sun/nio/fs/WindowsException'{0x00000007211688a0}> (0x00000007211688a0) 
thrown [s\open\src\hotspot\share\prims\jni.cpp, line 520]
Event: 0.277 Thread 0x00000203e8e0ff90 Exception <a 'sun/nio/fs/WindowsException'{0x0000000721168bf0}> (0x0000000721168bf0) 
thrown [s\open\src\hotspot\share\prims\jni.cpp, line 520]
Event: 0.309 Thread 0x00000203e8e0ff90 Exception <a 'java/lang/NoSuchMethodError'{0x0000000720e23110}: 'java.lang.Object java.lang.invoke.DirectMethodHandle$Holder.newInvokeSpecial(java.lang.Object, long)'> (0x0000000720e23110) 
thrown [s\open\src\hotspot\share\interpreter\linkResolver.cpp, line 774]
Event: 0.409 Thread 0x00000203e8e0ff90 Exception <a 'java/lang/NoSuchMethodError'{0x0000000720fd6250}: 'void java.lang.invoke.DirectMethodHandle$Holder.invokeStatic(java.lang.Object, long)'> (0x0000000720fd6250) 
thrown [s\open\src\hotspot\share\interpreter\linkResolver.cpp, line 774]
Event: 0.413 Thread 0x00000203e8e0ff90 Exception <a 'java/lang/NoSuchMethodError'{0x0000000720c06498}: 'void java.lang.System.load(java.lang.String, java.lang.Class)'> (0x0000000720c06498) 
thrown [s\open\src\hotspot\share\interpreter\linkResolver.cpp, line 774]
Event: 0.414 Thread 0x00000203e8e0ff90 Exception <a 'java/lang/NoSuchMethodError'{0x0000000720c08ee8}: 'void java.lang.System.loadLibrary(java.lang.String, java.lang.Class)'> (0x0000000720c08ee8) 
thrown [s\open\src\hotspot\share\interpreter\linkResolver.cpp, line 774]
Event: 0.417 Thread 0x00000203e8e0ff90 Exception <a 'sun/nio/fs/WindowsException'{0x0000000720c19ea0}> (0x0000000720c19ea0) 
thrown [s\open\src\hotspot\share\prims\jni.cpp, line 520]
Event: 0.417 Thread 0x00000203e8e0ff90 Exception <a 'sun/nio/fs/WindowsException'{0x0000000720c1a218}> (0x0000000720c1a218) 
thrown [s\open\src\hotspot\share\prims\jni.cpp, line 520]
Event: 0.419 Thread 0x00000203e8e0ff90 Exception <a 'sun/nio/fs/WindowsException'{0x0000000720c263f0}> (0x0000000720c263f0) 
thrown [s\open\src\hotspot\share\prims\jni.cpp, line 520]
Event: 0.419 Thread 0x00000203e8e0ff90 Exception <a 'sun/nio/fs/WindowsException'{0x0000000720c266a0}> (0x0000000720c266a0) 
thrown [s\open\src\hotspot\share\prims\jni.cpp, line 520]
Event: 5.280 Thread 0x00000203e8e0ff90 Implicit null exception at 0x0000020387c26507 to 0x0000020387c26798

ZGC Phase Switch (0 events):
No events

VM Operations (20 events):
Event: 0.123 Executing VM operation: HandshakeAllThreads (Deoptimize)
Event: 0.123 Executing VM operation: HandshakeAllThreads (Deoptimize) done
Event: 0.147 Executing VM operation: HandshakeAllThreads (Deoptimize)
Event: 0.147 Executing VM operation: HandshakeAllThreads (Deoptimize) done
Event: 1.157 Executing VM operation: Cleanup
Event: 1.157 Executing VM operation: Cleanup done
Event: 2.158 Executing VM operation: Cleanup
Event: 2.158 Executing VM operation: Cleanup done
Event: 5.159 Executing VM operation: Cleanup
Event: 5.159 Executing VM operation: Cleanup done
Event: 5.241 Executing VM operation: HandshakeAllThreads (Deoptimize)
Event: 5.241 Executing VM operation: HandshakeAllThreads (Deoptimize) done
Event: 5.280 Executing VM operation: HandshakeAllThreads (Deoptimize)
Event: 5.280 Executing VM operation: HandshakeAllThreads (Deoptimize) done
Event: 5.281 Executing VM operation: HandshakeAllThreads (Deoptimize)
Event: 5.281 Executing VM operation: HandshakeAllThreads (Deoptimize) done
Event: 6.281 Executing VM operation: Cleanup
Event: 6.281 Executing VM operation: Cleanup done
Event: 8.282 Executing VM operation: Cleanup
Event: 8.282 Executing VM operation: Cleanup done

Memory protections (0 events):
No events

Nmethod flushes (0 events):
No events

Events (20 events):
Event: 0.027 Thread 0x00000203e8e0ff90 Thread added: 0x00000203fb6ddfb0
Event: 0.027 Thread 0x00000203e8e0ff90 Thread added: 0x00000203fb6deda0
Event: 0.027 Thread 0x00000203e8e0ff90 Thread added: 0x00000203fb6e06d0
Event: 0.027 Thread 0x00000203e8e0ff90 Thread added: 0x00000203fb6eb280
Event: 0.027 Thread 0x00000203e8e0ff90 Thread added: 0x00000203fb6f5c40
Event: 0.027 Thread 0x00000203e8e0ff90 Thread added: 0x00000203fb6f9930
Event: 0.031 Thread 0x00000203fb6f9930 Thread added: 0x00000203d41ec250
Event: 0.061 Thread 0x00000203e8e0ff90 Thread added: 0x00000203d42d5830
Event: 0.064 Thread 0x00000203e8e0ff90 Thread added: 0x00000203d42dfe80
Event: 0.093 Thread 0x00000203fb6f9930 Thread added: 0x00000203d43f3660
Event: 0.275 Thread 0x00000203fb6f9930 Thread added: 0x00000203d4c63140
Event: 0.275 Thread 0x00000203fb6f9930 Thread added: 0x00000203d4c63800
Event: 0.316 Thread 0x00000203e8e0ff90 Thread added: 0x00000203d6b121d0
Event: 0.617 Thread 0x00000203d43f3660 Thread exited: 0x00000203d43f3660
Event: 0.773 Thread 0x00000203fb6f9930 Thread added: 0x00000203def008b0
Event: 0.898 Thread 0x00000203e8e0ff90 Thread added: 0x00000203dee81070
Event: 0.947 Thread 0x00000203def008b0 Thread exited: 0x00000203def008b0
Event: 1.226 Thread 0x00000203d4c63800 Thread added: 0x00000203dee7b2c0
Event: 1.425 Thread 0x00000203dee7b2c0 Thread exited: 0x00000203dee7b2c0
Event: 7.953 Thread 0x00000203d4c63800 Thread exited: 0x00000203d4c63800


Dynamic libraries:
0x00007ff7a0d70000 - 0x00007ff7a0d80000 	C:\Program Files\Java\jdk-22\bin\java.exe
0x00007ffb28c00000 - 0x00007ffb28e63000 	C:\WINDOWS\SYSTEM32\ntdll.dll
0x00007ffb27690000 - 0x00007ffb27758000 	C:\WINDOWS\System32\KERNEL32.DLL
0x00007ffb264c0000 - 0x00007ffb26872000 	C:\WINDOWS\System32\KERNELBASE.dll
0x00007ffb26880000 - 0x00007ffb269cb000 	C:\WINDOWS\System32\ucrtbase.dll
0x00007ffb218a0000 - 0x00007ffb218b7000 	C:\Program Files\Java\jdk-22\bin\jli.dll
0x00007ffb1ead0000 - 0x00007ffb1eaeb000 	C:\Program Files\Java\jdk-22\bin\VCRUNTIME140.dll
0x00007ffb28210000 - 0x00007ffb283d8000 	C:\WINDOWS\System32\USER32.dll
0x00007ffb10730000 - 0x00007ffb109c0000 	C:\WINDOWS\WinSxS\amd64_microsoft.windows.common-controls_6595b64144ccf1df_6.0.26100.2454_none_3e0b68a2e331ad60\COMCTL32.dll
0x00007ffb26490000 - 0x00007ffb264b7000 	C:\WINDOWS\System32\win32u.dll
0x00007ffb270a0000 - 0x00007ffb27149000 	C:\WINDOWS\System32\msvcrt.dll
0x00007ffb26c30000 - 0x00007ffb26c5a000 	C:\WINDOWS\System32\GDI32.dll
0x00007ffb262b0000 - 0x00007ffb263db000 	C:\WINDOWS\System32\gdi32full.dll
0x00007ffb263e0000 - 0x00007ffb26483000 	C:\WINDOWS\System32\msvcp_win.dll
0x00007ffb271c0000 - 0x00007ffb271ef000 	C:\WINDOWS\System32\IMM32.DLL
0x00007ffb21890000 - 0x00007ffb2189c000 	C:\Program Files\Java\jdk-22\bin\vcruntime140_1.dll
0x00007ffb1ea40000 - 0x00007ffb1eace000 	C:\Program Files\Java\jdk-22\bin\msvcp140.dll
0x00007ffaa1a70000 - 0x00007ffaa27b9000 	C:\Program Files\Java\jdk-22\bin\server\jvm.dll
0x00007ffb28820000 - 0x00007ffb288d4000 	C:\WINDOWS\System32\ADVAPI32.dll
0x00007ffb26f50000 - 0x00007ffb26ff6000 	C:\WINDOWS\System32\sechost.dll
0x00007ffb27760000 - 0x00007ffb27876000 	C:\WINDOWS\System32\RPCRT4.dll
0x00007ffb28940000 - 0x00007ffb289b4000 	C:\WINDOWS\System32\WS2_32.dll
0x00007ffb24c60000 - 0x00007ffb24cae000 	C:\WINDOWS\SYSTEM32\POWRPROF.dll
0x00007ffb1ba20000 - 0x00007ffb1ba2b000 	C:\WINDOWS\SYSTEM32\VERSION.dll
0x00007ffb235a0000 - 0x00007ffb235d6000 	C:\WINDOWS\SYSTEM32\WINMM.dll
0x00007ffb24c40000 - 0x00007ffb24c54000 	C:\WINDOWS\SYSTEM32\UMPDC.dll
0x00007ffb24f20000 - 0x00007ffb24f3a000 	C:\WINDOWS\SYSTEM32\kernel.appcore.dll
0x00007ffb20460000 - 0x00007ffb2046a000 	C:\Program Files\Java\jdk-22\bin\jimage.dll
0x00007ffb23270000 - 0x00007ffb234b1000 	C:\WINDOWS\SYSTEM32\DBGHELP.DLL
0x00007ffb283e0000 - 0x00007ffb2875e000 	C:\WINDOWS\System32\combase.dll
0x00007ffb289f0000 - 0x00007ffb28ac6000 	C:\WINDOWS\System32\OLEAUT32.dll
0x00007ffb23560000 - 0x00007ffb23599000 	C:\WINDOWS\SYSTEM32\dbgcore.DLL
0x00007ffb26210000 - 0x00007ffb262a9000 	C:\WINDOWS\System32\bcryptPrimitives.dll
0x00007ffb1ea20000 - 0x00007ffb1ea3e000 	C:\Program Files\Java\jdk-22\bin\java.dll
0x00007ffb27a20000 - 0x00007ffb28120000 	C:\WINDOWS\System32\SHELL32.dll
0x00007ffb27880000 - 0x00007ffb27a19000 	C:\WINDOWS\System32\ole32.dll
0x00007ffb23cd0000 - 0x00007ffb24501000 	C:\WINDOWS\SYSTEM32\windows.storage.dll
0x00007ffb28130000 - 0x00007ffb2820a000 	C:\WINDOWS\System32\SHCORE.dll
0x00007ffb27160000 - 0x00007ffb271bd000 	C:\WINDOWS\System32\shlwapi.dll
0x00007ffb25ee0000 - 0x00007ffb25f0e000 	C:\WINDOWS\SYSTEM32\profapi.dll
0x00007ffb1e930000 - 0x00007ffb1ea07000 	C:\Program Files\Java\jdk-22\bin\jsvml.dll
0x00007ffb1e920000 - 0x00007ffb1e930000 	C:\Program Files\Java\jdk-22\bin\net.dll
0x00007ffb25420000 - 0x00007ffb25488000 	C:\WINDOWS\system32\mswsock.dll
0x00007ffb1e900000 - 0x00007ffb1e916000 	C:\Program Files\Java\jdk-22\bin\nio.dll
0x00007ffb1e8e0000 - 0x00007ffb1e8f7000 	C:\Program Files\Java\jdk-22\bin\zip.dll
0x000000006e700000 - 0x000000006e72d000 	C:\ProgramData\libGDX-temp\libgdxaksha\2a9d7f76\gdx64.dll
0x00007ffae2f10000 - 0x00007ffae2f8b000 	C:\ProgramData\libGDX-temp\lwjgl_aksha\3.3.3+5\x64\lwjgl.dll
0x00007ffad6880000 - 0x00007ffad6af0000 	C:\ProgramData\libGDX-temp\lwjgl_aksha\3.3.3+5\x64\jemalloc.dll
0x00007ffadb100000 - 0x00007ffadb182000 	C:\ProgramData\libGDX-temp\lwjgl_aksha\3.3.3+5\x64\glfw.dll
0x00007ffaee550000 - 0x00007ffaee59b000 	C:\WINDOWS\SYSTEM32\dinput8.dll
0x00007ffb19580000 - 0x00007ffb19592000 	C:\WINDOWS\SYSTEM32\xinput1_4.dll
0x00007ffb25c60000 - 0x00007ffb25cbf000 	C:\WINDOWS\SYSTEM32\cfgmgr32.dll
0x00007ffb25c30000 - 0x00007ffb25c5d000 	C:\WINDOWS\SYSTEM32\DEVOBJ.dll
0x00007ffb22990000 - 0x00007ffb229be000 	C:\WINDOWS\SYSTEM32\dwmapi.dll
0x00007ffb19370000 - 0x00007ffb1954d000 	C:\WINDOWS\SYSTEM32\inputhost.dll
0x00007ffb20310000 - 0x00007ffb20435000 	C:\WINDOWS\SYSTEM32\CoreMessaging.dll
0x00007ffb22650000 - 0x00007ffb226fd000 	C:\WINDOWS\system32\uxtheme.dll
0x00007ffb26df0000 - 0x00007ffb26f4c000 	C:\WINDOWS\System32\MSCTF.dll
0x00007ffb256e0000 - 0x00007ffb256ec000 	C:\WINDOWS\SYSTEM32\CRYPTBASE.DLL
0x00007ffad66b0000 - 0x00007ffad6877000 	C:\ProgramData\libGDX-temp\lwjgl_aksha\3.3.3+5\x64\OpenAL.dll
0x00007ffb28770000 - 0x00007ffb28818000 	C:\WINDOWS\System32\clbcatq.dll
0x00007ffb16d60000 - 0x00007ffb16df0000 	C:\WINDOWS\System32\MMDevApi.dll
0x00007ffb16040000 - 0x00007ffb161f7000 	C:\WINDOWS\SYSTEM32\AUDIOSES.DLL
0x00007ffb23040000 - 0x00007ffb23054000 	C:\WINDOWS\SYSTEM32\resourcepolicyclient.dll
0x00007ffafee70000 - 0x00007ffafef7c000 	C:\WINDOWS\SYSTEM32\opengl32.dll
0x00007ffafe880000 - 0x00007ffafe8ad000 	C:\WINDOWS\SYSTEM32\GLU32.dll
0x00007ffb22c80000 - 0x00007ffb22cc7000 	C:\WINDOWS\SYSTEM32\dxcore.dll
0x00007ffb227e0000 - 0x00007ffb2283c000 	C:\WINDOWS\SYSTEM32\directxdatabasehelper.dll
0x00007ffb15a70000 - 0x00007ffb15a8a000 	C:\WINDOWS\SYSTEM32\windows.staterepositorycore.dll
0x00007ffb16a70000 - 0x00007ffb16a9d000 	C:\Windows\System32\DriverStore\FileRepository\u0395859.inf_amd64_96ae524872919ac4\B395725\atig6pxx.dll
0x00007ffae68c0000 - 0x00007ffaeaf61000 	C:\Windows\System32\DriverStore\FileRepository\u0395859.inf_amd64_96ae524872919ac4\B395725\atio6axx.dll
0x00007ffb27200000 - 0x00007ffb27686000 	C:\WINDOWS\System32\SETUPAPI.dll
0x00007ffb196e0000 - 0x00007ffb19715000 	C:\WINDOWS\SYSTEM32\amdihk64.dll
0x00007ffb269d0000 - 0x00007ffb26a4f000 	C:\WINDOWS\System32\WINTRUST.dll
0x00007ffb26090000 - 0x00007ffb26206000 	C:\WINDOWS\System32\CRYPT32.dll
0x00007ffb25730000 - 0x00007ffb25743000 	C:\WINDOWS\SYSTEM32\MSASN1.dll
0x00007ffb25900000 - 0x00007ffb25926000 	C:\WINDOWS\SYSTEM32\BCrypt.dll
0x00007ffb21960000 - 0x00007ffb21a20000 	C:\WINDOWS\SYSTEM32\mscms.dll
0x00007ffaebf90000 - 0x00007ffaebfd9000 	C:\WINDOWS\SYSTEM32\icm32.dll
0x00007ffadb0a0000 - 0x00007ffadb0fe000 	C:\ProgramData\libGDX-temp\lwjgl_aksha\3.3.3+5\x64\lwjgl_opengl.dll
0x00007ffb1ba30000 - 0x00007ffb1bb76000 	C:\WINDOWS\SYSTEM32\textinputframework.dll
0x00007ffb1d310000 - 0x00007ffb1d5f3000 	C:\WINDOWS\SYSTEM32\CoreUIComponents.dll
0x00007ffb20f50000 - 0x00007ffb210b8000 	C:\WINDOWS\SYSTEM32\wintypes.dll
0x00007ffaffeb0000 - 0x00007ffafff2c000 	C:\WINDOWS\system32\Oleacc.dll
0x0000000066b00000 - 0x0000000066b5a000 	C:\ProgramData\libGDX-temp\libgdxaksha\5e84b8da\gdx-box2d64.dll

dbghelp: loaded successfully - version: 4.0.5 - missing functions: none
symbol engine: initialized successfully - sym options: 0x614 - pdb path: .;C:\Program Files\Java\jdk-22\bin;C:\WINDOWS\SYSTEM32;C:\WINDOWS\WinSxS\amd64_microsoft.windows.common-controls_6595b64144ccf1df_6.0.26100.2454_none_3e0b68a2e331ad60;C:\Program Files\Java\jdk-22\bin\server;C:\ProgramData\libGDX-temp\libgdxaksha\2a9d7f76;C:\ProgramData\libGDX-temp\lwjgl_aksha\3.3.3+5\x64;C:\Windows\System32\DriverStore\FileRepository\u0395859.inf_amd64_96ae524872919ac4\B395725;C:\ProgramData\libGDX-temp\libgdxaksha\5e84b8da

VM Arguments:
jvm_args: -Dfile.encoding=UTF-8 -Duser.country=US -Duser.language=en -Duser.variant 
java_command: com.AngryBird.game.lwjgl3.Lwjgl3Launcher
java_class_path (initial): C:\Users\aksha\Documents\Code\Java\College\Project\lwjgl3\build\classes\java\main;C:\Users\aksha\Documents\Code\Java\College\Project\lwjgl3\build\resources\main;C:\Users\aksha\.gradle\caches\modules-2\files-2.1\com.badlogicgames.gdx\gdx-backend-lwjgl3\1.12.1\12a144cacb34f0392cd8354f798d99e4836a51a8\gdx-backend-lwjgl3-1.12.1.jar;C:\Users\aksha\.gradle\caches\modules-2\files-2.1\com.badlogicgames.gdx\gdx-box2d-platform\1.12.1\4e82228fcdd2e8a7673fe7952588acfdb33d7820\gdx-box2d-platform-1.12.1-natives-desktop.jar;C:\Users\aksha\.gradle\caches\modules-2\files-2.1\com.badlogicgames.gdx\gdx-platform\1.12.1\5737be5ce3a4e8f9f77c2d9ab95ab479f9c3705f\gdx-platform-1.12.1-natives-desktop.jar;C:\Users\aksha\Documents\Code\Java\College\Project\core\build\libs\core-$projectVersion.jar;C:\Users\aksha\.gradle\caches\modules-2\files-2.1\com.badlogicgames.gdx\gdx-box2d\1.12.1\6c37ed04f97d062f1bdc4afe1f583182e539a269\gdx-box2d-1.12.1.jar;C:\Users\aksha\.gradle\caches\modules-2\files-2.1\com.badlogicgames.gdx\gdx\1.12.1\a2d066c09329c457045c284c42d6f37122840aa\gdx-1.12.1.jar;C:\Users\aksha\.gradle\caches\modules-2\files-2.1\org.lwjgl\lwjgl-glfw\3.3.3\efa1eb78c5ccd840e9f329717109b5e892d72f8e\lwjgl-glfw-3.3.3.jar;C:\Users\aksha\.gradle\caches\modules-2\files-2.1\org.lwjgl\lwjgl-glfw\3.3.3\a03684c5e4b1b1dbbe0d29dbbdc27b985b6840f2\lwjgl-glfw-3.3.3-natives-linux.jar;C:\Users\aksha\.gradle\caches\modules-2\files-2.1\org.lwjgl\lwjgl-glfw\3.3.3\d9af485c32545b37dd5359b163161d42d7534dcf\lwjgl-glfw-3.3.3-natives-linux-arm32.jar;C:\Users\aksha\.gradle\caches\modules-2\files-2.1\org.lwjgl\lwjgl-glfw\3.3.3\492a0f11f85b85899a6568f07511160c1b87cd38\lwjgl-glfw-3.3.3-natives-linux-arm64.jar;C:\Users\aksha\.gradle\caches\modules-2\files-2.1\org.lwjgl\lwjgl-glfw\3.3.3\a1bf400f6bc64e6195596cb1430dafda46090751\lwjgl-glfw-3.3.3-natives-macos.jar;C:\Users\aksha\.gradle\caches\modules-2\files-2.1\org.lwjgl\lwjgl-glfw\3.3.3\ee8cc78d0a4a5b3b4600fade6d927c9fc320c858\lwjgl-glfw-3.3.3-natives-macos-arm64.jar;C:\Users\aksha\.gradle\caches\modules-2\files-2.1\org.lwjgl\lwjgl-glfw\3.3.3\e449e28b4891fc423c54c85fbc5bb0b9efece67a\lwjgl-glfw-3.3.3-natives-windows.jar;C:\Users\aksha\.gradle\caches\modules-2\files-2.1\org.lwjgl\lwjgl-glfw\3.3.3\32334f3fd5270a59bad9939a93115acb6de36dcf\lwjgl-glfw-3.3.3-natives-windows-x86.jar;C:\Users\aksha\.gradle\caches\modules-2\files-2.1\org.lwjgl\lwjgl-jemalloc\3.3.3\b543467b7ff3c6920539a88ee602d34098628be5\lwjgl-jemalloc-3.3.3.jar;C:\Users\aksha\.gradle\caches\modules-2\files-2.1\org.lwjgl\lwjgl-jemalloc\3.3.3\4f86728bf449b1dd61251c4e0ac01df1389cb51e\lwjgl-jemalloc-3.3.3-natives-linux.jar;C:\Users\aksha\.gradle\caches\modules-2\files-2.1\org.lwjgl\lwjgl-jemalloc\3.3.3\109b6931880d02d4e65ced38928a16e41d19873e\lwjgl-jemalloc-3.3.3-natives-linux-arm32.jar;C:\Users\aksha\.gradle\caches\modules-2\files-2.1\org.lwjgl\lwjgl-jemalloc\3.3.3\eff8b86798191192fe2cba2dc2776109f30c239d\lwjgl-jemalloc-3.3.3-natives-linux-arm64.jar;C:\Users\aksha\.gradle\caches\modules-2\files-2.1\org.lwjgl\lwjgl-jemalloc\3.3.3\2906637657a57579847238c9c72d2c4bde7083f8\lwjgl-jemalloc-3.3.3-natives-macos.jar;C:\Users\aksha\.gradle\caches\modules-2\files-2.1\org.lwjgl\lwjgl-jemalloc\3.3.3\e9412c3ff8cb3a3bad1d3f52909ad74d8a5bdad1\lwjgl-jemalloc-3.3.3-natives-macos-arm64.jar;C:\Users\aksha\.gradle\caches\modules-2\files-2.1\org.lwjgl\lwjgl-jemalloc\3.3.3\426222fc027602a5f21b9c0fe79cde6a4c7a011f\lwjgl-jemalloc-3.3.3-natives-windows.jar;C:\Users\aksha\.gradle\caches\modules-2\files-2.1\org.lwjgl\lwjgl-jemalloc\3.3.3\f6063b6e0f23be483c5c88d84ce51b39dc69126c\lwjgl-jemalloc-3.3.3-natives-windows-x86.jar;C:\Users\aksha\.gradle\caches\modules-2\files-2.1\org.lwjgl\lwjgl-openal\3.3.3\daada81ceb5fc0c291fbfdd4433cb8d9423577f2\lwjgl-openal-3.3.3.jar;C:\Users\aksha\.gradle\caches\modules-2\files-2.1\org.lwjgl\lwjgl-openal\3.3.3\3037360cc4595079bea240af250b6d1a527e0905\lwjgl-openal-3.3.3-natives-linux.jar;C:\Users\aksha\.gradle\caches\modules-2\files-2.1\org.lwjgl\lwjgl-openal\3.3.3\e1702aa09d20359d6cf5cb2999fa7685a785eca7\lwjgl-openal-3.3.3-natives-linux-arm32.jar;C:\Users\aksha\.gradle\caches\modules-2\files-2.1\org.lwjgl\lwjgl-openal\3.3.3\ad8f302118a65bb8d615f8a2a680db58fb8f835e\lwjgl-openal-3.3.3-natives-linux-arm64.jar;C:\Users\aksha\.gradle\caches\modules-2\files-2.1\org.lwjgl\lwjgl-openal\3.3.3\8df8338bfa77f2ebabef4e58964bd04d24805cbf\lwjgl-openal-3.3.3-natives-macos.jar;C:\Users\aksha\.gradle\caches\modules-2\files-2.1\org.lwjgl\lwjgl-openal\3.3.3\c78b078de2fb52f45aa55d04db889a560f3544f\lwjgl-openal-3.3.3-natives-macos-arm64.jar;C:\Users\aksha\.gradle\caches\modules-2\files-2.1\org.lwjgl\lwjgl-openal\3.3.3\cf83862ae95d98496b26915024c7e666d8ab1c8f\lwjgl-openal-3.3.3-natives-windows.jar;C:\Users\aksha\.gradle\caches\modules-2\files-2.1\org.lwjgl\lwjgl-openal\3.3.3\87b8d5050e3adb46bb58fe1cb2669a4a48fce10d\lwjgl-openal-3.3.3-natives-windows-x86.jar;C:\Users\aksha\.gradle\caches\modules-2\files-2.1\org.lwjgl\lwjgl-opengl\3.3.3\2f6b0147078396a58979125a4c947664e98293a\lwjgl-opengl-3.3.3.jar;C:\Users\aksha\.gradle\caches\modules-2\files-2.1\org.lwjgl\lwjgl-opengl\3.3.3\62c70a4b00ca5391882b0f4b787c1588d24f1c86\lwjgl-opengl-3.3.3-natives-linux.jar;C:\Users\aksha\.gradle\caches\modules-2\files-2.1\org.lwjgl\lwjgl-opengl\3.3.3\dbba17fc5ac0985d14a57c11f9537617d67b9952\lwjgl-opengl-3.3.3-natives-linux-arm32.jar;C:\Users\aksha\.gradle\caches\modules-2\files-2.1\org.lwjgl\lwjgl-opengl\3.3.3\2096f6b94b2d68745d858fbfe53aacf5f0c8074c\lwjgl-opengl-3.3.3-natives-linux-arm64.jar;C:\Users\aksha\.gradle\caches\modules-2\files-2.1\org.lwjgl\lwjgl-opengl\3.3.3\1bd45997551ae8a28469f3a2b678f4b7289e12c0\lwjgl-opengl-3.3.3-natives-macos.jar;C:\Users\aksha\.gradle\caches\modules-2\files-2.1\org.lwjgl\lwjgl-opengl\3.3.3\d213ddef27637b1af87961ffa94d6b27036becc8\lwjgl-opengl-3.3.3-natives-macos-arm64.jar;C:\Users\aksha\.gradle\caches\modules-2\files-2.1\org.lwjgl\lwjgl-opengl\3.3.3\e6c1eec8be8a71951b830a4d69efc01c6531900c\lwjgl-opengl-3.3.3-natives-windows.jar;C:\Users\aksha\.gradle\caches\modules-2\files-2.1\org.lwjgl\lwjgl-opengl\3.3.3\d32d833dcaa2f355a886eaf21f0408b5f03241d\lwjgl-opengl-3.3.3-natives-windows-x86.jar;C:\Users\aksha\.gradle\caches\modules-2\files-2.1\org.lwjgl\lwjgl-stb\3.3.3\25dd6161988d7e65f71d5065c99902402ee32746\lwjgl-stb-3.3.3.jar;C:\Users\aksha\.gradle\caches\modules-2\files-2.1\org.lwjgl\lwjgl-stb\3.3.3\fd1271ccd9d85eff2fa31f3fd543e02ccfaf5041\lwjgl-stb-3.3.3-natives-linux.jar;C:\Users\aksha\.gradle\caches\modules-2\files-2.1\org.lwjgl\lwjgl-stb\3.3.3\1ae28ff044699ff29b0e980ffabd73fba8a664b3\lwjgl-stb-3.3.3-natives-linux-arm32.jar;C:\Users\aksha\.gradle\caches\modules-2\files-2.1\org.lwjgl\lwjgl-stb\3.3.3\ddc177afc2be1ee8d93684b11363b80589a13fe1\lwjgl-stb-3.3.3-natives-linux-arm64.jar;C:\Users\aksha\.gradle\caches\modules-2\files-2.1\org.lwjgl\lwjgl-stb\3.3.3\472792c98fb2c1557c060cb9da5fca6a9773621f\lwjgl-stb-3.3.3-natives-macos.jar;C:\Users\aksha\.gradle\caches\modules-2\files-2.1\org.lwjgl\lwjgl-stb\3.3.3\51c6955571fbcdb7bb538c6aa589b953b584c6af\lwjgl-stb-3.3.3-natives-macos-arm64.jar;C:\Users\aksha\.gradle\caches\modules-2\files-2.1\org.lwjgl\lwjgl-stb\3.3.3\1d9facdf6541de114b0f963be33505b7679c78cb\lwjgl-stb-3.3.3-natives-windows.jar;C:\Users\aksha\.gradle\caches\modules-2\files-2.1\org.lwjgl\lwjgl-stb\3.3.3\b5c874687b9aac1a936501d4ed2c49567fd1b575\lwjgl-stb-3.3.3-natives-windows-x86.jar;C:\Users\aksha\.gradle\caches\modules-2\files-2.1\org.lwjgl\lwjgl\3.3.3\29589b5f87ed335a6c7e7ee6a5775f81f97ecb84\lwjgl-3.3.3.jar;C:\Users\aksha\.gradle\caches\modules-2\files-2.1\org.lwjgl\lwjgl\3.3.3\1713758e3660ba66e1e954396fd18126038b33c0\lwjgl-3.3.3-natives-linux.jar;C:\Users\aksha\.gradle\caches\modules-2\files-2.1\org.lwjgl\lwjgl\3.3.3\2075c51a80f0ef0f22ba616ba54007ac2b0debd4\lwjgl-3.3.3-natives-linux-arm32.jar;C:\Users\aksha\.gradle\caches\modules-2\files-2.1\org.lwjgl\lwjgl\3.3.3\f35d8b6ffe1ac1e3a5eb1d4e33de80f044ad5fd8\lwjgl-3.3.3-natives-linux-arm64.jar;C:\Users\aksha\.gradle\caches\modules-2\files-2.1\org.lwjgl\lwjgl\3.3.3\33a6efa288390490ce6eb6c3df47ac21ecf648cf\lwjgl-3.3.3-natives-macos.jar;C:\Users\aksha\.gradle\caches\modules-2\files-2.1\org.lwjgl\lwjgl\3.3.3\226246e75f6bd8d4e1895bdce8638ef87808d114\lwjgl-3.3.3-natives-macos-arm64.jar;C:\Users\aksha\.gradle\caches\modules-2\files-2.1\org.lwjgl\lwjgl\3.3.3\a5ed18a2b82fc91b81f40d717cb1f64c9dcb0540\lwjgl-3.3.3-natives-windows.jar;C:\Users\aksha\.gradle\caches\modules-2\files-2.1\org.lwjgl\lwjgl\3.3.3\9e670718e050aeaeea0c2d5b907cffb142f2e58f\lwjgl-3.3.3-natives-windows-x86.jar;C:\Users\aksha\.gradle\caches\modules-2\files-2.1\com.badlogicgames.jlayer\jlayer\1.0.1-gdx\7cca83cec5c1b2f011362f4d85aabd71a73b049d\jlayer-1.0.1-gdx.jar;C:\Users\aksha\.gradle\caches\modules-2\files-2.1\org.jcraft\jorbis\0.0.17\8872d22b293e8f5d7d56ff92be966e6dc28ebdc6\jorbis-0.0.17.jar;C:\Users\aksha\.gradle\caches\modules-2\files-2.1\com.badlogicgames.gdx\gdx-jnigen-loader\2.3.1\2d472f69243631fbcb3d4c3f93dd2e137a6cb084\gdx-jnigen-loader-2.3.1.jar
Launcher Type: SUN_STANDARD

[Global flags]
     intx CICompilerCount                          = 12                                        {product} {ergonomic}
     uint ConcGCThreads                            = 3                                         {product} {ergonomic}
     uint G1ConcRefinementThreads                  = 13                                        {product} {ergonomic}
   size_t G1HeapRegionSize                         = 2097152                                   {product} {ergonomic}
   size_t InitialHeapSize                          = 249561088                                 {product} {ergonomic}
   size_t MarkStackSize                            = 4194304                                   {product} {ergonomic}
   size_t MaxHeapSize                              = 3980394496                                {product} {ergonomic}
   size_t MaxNewSize                               = 2386558976                                {product} {ergonomic}
   size_t MinHeapDeltaBytes                        = 2097152                                   {product} {ergonomic}
   size_t MinHeapSize                              = 8388608                                   {product} {ergonomic}
    uintx NonNMethodCodeHeapSize                   = 7602480                                {pd product} {ergonomic}
    uintx NonProfiledCodeHeapSize                  = 122027880                              {pd product} {ergonomic}
    uintx ProfiledCodeHeapSize                     = 122027880                              {pd product} {ergonomic}
    uintx ReservedCodeCacheSize                    = 251658240                              {pd product} {ergonomic}
     bool SegmentedCodeCache                       = true                                      {product} {ergonomic}
   size_t SoftMaxHeapSize                          = 3980394496                             {manageable} {ergonomic}
     bool UseCompressedOops                        = true                           {product lp64_product} {ergonomic}
     bool UseG1GC                                  = true                                      {product} {ergonomic}
     bool UseLargePagesIndividualAllocation        = false                                  {pd product} {ergonomic}

Logging:
Log output configuration:
 #0: stdout all=warning uptime,level,tags foldmultilines=false
 #1: stderr all=off uptime,level,tags foldmultilines=false

Environment Variables:
PATH=C:\Program Files\Common Files\Oracle\Java\javapath;C:\WINDOWS\system32;C:\WINDOWS;C:\WINDOWS\System32\Wbem;C:\WINDOWS\System32\WindowsPowerShell\v1.0\;C:\WINDOWS\System32\OpenSSH\;C:\Users\aksha\AppData\Local\Microsoft\WindowsApps;C:\Users\aksha\AppData\Local\Programs\Microsoft VS Code\bin;C:\msys64\ucrt64\bin;;C:\Program Files\JetBrains\IntelliJ IDEA Community Edition 2024.2\bin;
USERNAME=aksha
OS=Windows_NT
PROCESSOR_IDENTIFIER=AMD64 Family 25 Model 80 Stepping 0, AuthenticAMD
TMP=C:\Users\aksha\AppData\Local\Temp
TEMP=C:\Users\aksha\AppData\Local\Temp




Periodic native trim disabled

---------------  S Y S T E M  ---------------

OS:
 Windows 11 , 64 bit Build 26100 (10.0.26100.2454)
OS uptime: 0 days 5:40 hours
Hyper-V role detected

CPU: total 16 (initial active 16) (16 cores per cpu, 2 threads per core) family 25 model 80 stepping 0 microcode 0xa500011, cx8, cmov, fxsr, ht, mmx, 3dnowpref, sse, sse2, sse3, ssse3, sse4a, sse4.1, sse4.2, popcnt, lzcnt, tsc, tscinvbit, avx, avx2, aes, erms, clmul, bmi1, bmi2, adx, sha, fma, vzeroupper, clflush, clflushopt, hv, rdtscp, rdpid, fsrm, f16c, cet_ss
Processor Information for all 16 processors :
  Max Mhz: 1901, Current Mhz: 1901, Mhz Limit: 1901

Memory: 4k page, system-wide physical 15182M (5432M free)
TotalPageFile size 16142M (AvailPageFile size 2837M)
current process WorkingSet (physical memory assigned to process): 221M, peak: 231M
current process commit charge ("private bytes"): 562M, peak: 574M

vm_info: Java HotSpot(TM) 64-Bit Server VM (22.0.2+9-70) for windows-amd64 JRE (22.0.2+9-70), built on 2024-06-04T16:52:23Z by "mach5one" with MS VC++ 17.6 (VS2022)

END.
